{"D:\\Softwarica\\Sem-5\\Web API Development\\Final\\MusyncAPI\\app.js": {"path":"D:\\Softwarica\\Sem-5\\Web API Development\\Final\\MusyncAPI\\app.js","statementMap":{"0":{"start":{"line":1,"column":16},"end":{"line":1,"column":34}},"1":{"start":{"line":2,"column":19},"end":{"line":2,"column":41}},"2":{"start":{"line":3,"column":15},"end":{"line":3,"column":32}},"3":{"start":{"line":4,"column":13},"end":{"line":4,"column":28}},"4":{"start":{"line":5,"column":17},"end":{"line":5,"column":36}},"5":{"start":{"line":6,"column":0},"end":{"line":6,"column":27}},"6":{"start":{"line":8,"column":19},"end":{"line":8,"column":48}},"7":{"start":{"line":9,"column":20},"end":{"line":9,"column":51}},"8":{"start":{"line":10,"column":15},"end":{"line":10,"column":52}},"9":{"start":{"line":12,"column":12},"end":{"line":12,"column":21}},"10":{"start":{"line":15,"column":2},"end":{"line":17,"column":30}},"11":{"start":{"line":19,"column":0},"end":{"line":25,"column":36}},"12":{"start":{"line":24,"column":14},"end":{"line":24,"column":60}},"13":{"start":{"line":25,"column":18},"end":{"line":25,"column":34}},"14":{"start":{"line":27,"column":0},"end":{"line":27,"column":24}},"15":{"start":{"line":29,"column":0},"end":{"line":29,"column":51}},"16":{"start":{"line":30,"column":0},"end":{"line":30,"column":51}},"17":{"start":{"line":33,"column":0},"end":{"line":35,"column":1}},"18":{"start":{"line":34,"column":2},"end":{"line":34,"column":25}},"19":{"start":{"line":36,"column":0},"end":{"line":36,"column":21}},"20":{"start":{"line":39,"column":0},"end":{"line":39,"column":55}},"21":{"start":{"line":40,"column":0},"end":{"line":40,"column":56}}},"fnMap":{"0":{"name":"(anonymous_0)","decl":{"start":{"line":24,"column":8},"end":{"line":24,"column":9}},"loc":{"start":{"line":24,"column":14},"end":{"line":24,"column":60}},"line":24},"1":{"name":"(anonymous_1)","decl":{"start":{"line":25,"column":9},"end":{"line":25,"column":10}},"loc":{"start":{"line":25,"column":18},"end":{"line":25,"column":34}},"line":25}},"branchMap":{"0":{"loc":{"start":{"line":15,"column":2},"end":{"line":17,"column":30}},"type":"cond-expr","locations":[{"start":{"line":16,"column":6},"end":{"line":16,"column":31}},{"start":{"line":17,"column":6},"end":{"line":17,"column":30}}],"line":15},"1":{"loc":{"start":{"line":33,"column":0},"end":{"line":35,"column":1}},"type":"if","locations":[{"start":{"line":33,"column":0},"end":{"line":35,"column":1}},{"start":{},"end":{}}],"line":33}},"s":{"0":1,"1":1,"2":1,"3":1,"4":1,"5":1,"6":1,"7":1,"8":1,"9":1,"10":1,"11":1,"12":1,"13":0,"14":1,"15":1,"16":1,"17":1,"18":0,"19":1,"20":1,"21":1},"f":{"0":1,"1":0},"b":{"0":[1,0],"1":[0,1]},"_coverageSchema":"1a1c01bbd47fc00a2c39e90264f33305004495a9","hash":"7ac694c4ebc75957faa661252fe377086bac1473"}
,"D:\\Softwarica\\Sem-5\\Web API Development\\Final\\MusyncAPI\\controllers\\music_controller_exports.js": {"path":"D:\\Softwarica\\Sem-5\\Web API Development\\Final\\MusyncAPI\\controllers\\music_controller_exports.js","statementMap":{"0":{"start":{"line":1,"column":20},"end":{"line":1,"column":76}},"1":{"start":{"line":2,"column":20},"end":{"line":2,"column":76}},"2":{"start":{"line":3,"column":30},"end":{"line":3,"column":85}},"3":{"start":{"line":4,"column":22},"end":{"line":4,"column":80}},"4":{"start":{"line":5,"column":23},"end":{"line":5,"column":89}},"5":{"start":{"line":6,"column":23},"end":{"line":6,"column":82}},"6":{"start":{"line":7,"column":19},"end":{"line":7,"column":73}},"7":{"start":{"line":8,"column":30},"end":{"line":8,"column":98}},"8":{"start":{"line":9,"column":18},"end":{"line":9,"column":71}},"9":{"start":{"line":10,"column":21},"end":{"line":10,"column":78}},"10":{"start":{"line":11,"column":29},"end":{"line":11,"column":96}},"11":{"start":{"line":12,"column":22},"end":{"line":12,"column":80}},"12":{"start":{"line":13,"column":23},"end":{"line":13,"column":81}},"13":{"start":{"line":14,"column":21},"end":{"line":14,"column":77}},"14":{"start":{"line":16,"column":0},"end":{"line":31,"column":2}}},"fnMap":{},"branchMap":{},"s":{"0":1,"1":1,"2":1,"3":1,"4":1,"5":1,"6":1,"7":1,"8":1,"9":1,"10":1,"11":1,"12":1,"13":1,"14":1},"f":{},"b":{},"_coverageSchema":"1a1c01bbd47fc00a2c39e90264f33305004495a9","hash":"1b7f5f23ada04072fa7deebe4b3dbc4fed330122"}
,"D:\\Softwarica\\Sem-5\\Web API Development\\Final\\MusyncAPI\\controllers\\user_controller_exports.js": {"path":"D:\\Softwarica\\Sem-5\\Web API Development\\Final\\MusyncAPI\\controllers\\user_controller_exports.js","statementMap":{"0":{"start":{"line":1,"column":19},"end":{"line":1,"column":58}},"1":{"start":{"line":2,"column":25},"end":{"line":2,"column":70}},"2":{"start":{"line":3,"column":22},"end":{"line":3,"column":62}},"3":{"start":{"line":5,"column":32},"end":{"line":9,"column":1}},"4":{"start":{"line":11,"column":0},"end":{"line":11,"column":41}}},"fnMap":{},"branchMap":{},"s":{"0":1,"1":1,"2":1,"3":1,"4":1},"f":{},"b":{},"_coverageSchema":"1a1c01bbd47fc00a2c39e90264f33305004495a9","hash":"14bc8efaf1738627b77cad393163146717f81eb1"}
,"D:\\Softwarica\\Sem-5\\Web API Development\\Final\\MusyncAPI\\controllers\\muisc_controller\\add_albums.js": {"path":"D:\\Softwarica\\Sem-5\\Web API Development\\Final\\MusyncAPI\\controllers\\muisc_controller\\add_albums.js","statementMap":{"0":{"start":{"line":3,"column":0},"end":{"line":3,"column":27}}},"fnMap":{"0":{"name":"addAlbums","decl":{"start":{"line":1,"column":9},"end":{"line":1,"column":18}},"loc":{"start":{"line":1,"column":35},"end":{"line":1,"column":37}},"line":1}},"branchMap":{},"s":{"0":1},"f":{"0":0},"b":{},"_coverageSchema":"1a1c01bbd47fc00a2c39e90264f33305004495a9","hash":"e9fd6424cf82927d4bf86187890e1026dbb20ffb"}
,"D:\\Softwarica\\Sem-5\\Web API Development\\Final\\MusyncAPI\\controllers\\muisc_controller\\add_all_songs.js": {"path":"D:\\Softwarica\\Sem-5\\Web API Development\\Final\\MusyncAPI\\controllers\\muisc_controller\\add_all_songs.js","statementMap":{"0":{"start":{"line":1,"column":11},"end":{"line":1,"column":24}},"1":{"start":{"line":2,"column":15},"end":{"line":2,"column":32}},"2":{"start":{"line":3,"column":13},"end":{"line":3,"column":28}},"3":{"start":{"line":4,"column":13},"end":{"line":4,"column":46}},"4":{"start":{"line":5,"column":15},"end":{"line":5,"column":50}},"5":{"start":{"line":8,"column":20},"end":{"line":8,"column":35}},"6":{"start":{"line":9,"column":2},"end":{"line":145,"column":5}},"7":{"start":{"line":10,"column":4},"end":{"line":16,"column":5}},"8":{"start":{"line":11,"column":6},"end":{"line":11,"column":25}},"9":{"start":{"line":12,"column":6},"end":{"line":15,"column":9}},"10":{"start":{"line":18,"column":4},"end":{"line":144,"column":5}},"11":{"start":{"line":19,"column":54},"end":{"line":19,"column":62}},"12":{"start":{"line":20,"column":19},"end":{"line":20,"column":27}},"13":{"start":{"line":22,"column":6},"end":{"line":27,"column":7}},"14":{"start":{"line":23,"column":8},"end":{"line":26,"column":11}},"15":{"start":{"line":28,"column":6},"end":{"line":33,"column":7}},"16":{"start":{"line":29,"column":8},"end":{"line":32,"column":11}},"17":{"start":{"line":34,"column":6},"end":{"line":39,"column":7}},"18":{"start":{"line":35,"column":8},"end":{"line":38,"column":11}},"19":{"start":{"line":41,"column":25},"end":{"line":41,"column":42}},"20":{"start":{"line":42,"column":27},"end":{"line":46,"column":7}},"21":{"start":{"line":48,"column":33},"end":{"line":48,"column":53}},"22":{"start":{"line":49,"column":23},"end":{"line":49,"column":52}},"23":{"start":{"line":51,"column":30},"end":{"line":51,"column":71}},"24":{"start":{"line":52,"column":29},"end":{"line":52,"column":54}},"25":{"start":{"line":54,"column":25},"end":{"line":54,"column":66}},"26":{"start":{"line":56,"column":6},"end":{"line":58,"column":7}},"27":{"start":{"line":57,"column":8},"end":{"line":57,"column":54}},"28":{"start":{"line":60,"column":23},"end":{"line":63,"column":7}},"29":{"start":{"line":65,"column":27},"end":{"line":65,"column":70}},"30":{"start":{"line":68,"column":6},"end":{"line":132,"column":7}},"31":{"start":{"line":69,"column":8},"end":{"line":72,"column":10}},"32":{"start":{"line":73,"column":8},"end":{"line":73,"column":33}},"33":{"start":{"line":75,"column":30},"end":{"line":75,"column":50}},"34":{"start":{"line":76,"column":8},"end":{"line":76,"column":80}},"35":{"start":{"line":77,"column":28},"end":{"line":77,"column":52}},"36":{"start":{"line":79,"column":24},"end":{"line":109,"column":10}},"37":{"start":{"line":111,"column":8},"end":{"line":122,"column":9}},"38":{"start":{"line":112,"column":10},"end":{"line":112,"column":45}},"39":{"start":{"line":116,"column":10},"end":{"line":116,"column":31}},"40":{"start":{"line":117,"column":10},"end":{"line":117,"column":34}},"41":{"start":{"line":118,"column":10},"end":{"line":121,"column":13}},"42":{"start":{"line":125,"column":8},"end":{"line":130,"column":9}},"43":{"start":{"line":126,"column":10},"end":{"line":129,"column":12}},"44":{"start":{"line":131,"column":8},"end":{"line":131,"column":33}},"45":{"start":{"line":134,"column":6},"end":{"line":137,"column":9}},"46":{"start":{"line":139,"column":6},"end":{"line":139,"column":27}},"47":{"start":{"line":140,"column":6},"end":{"line":143,"column":9}},"48":{"start":{"line":148,"column":0},"end":{"line":148,"column":29}}},"fnMap":{"0":{"name":"addAllSongs","decl":{"start":{"line":7,"column":9},"end":{"line":7,"column":20}},"loc":{"start":{"line":7,"column":37},"end":{"line":146,"column":1}},"line":7},"1":{"name":"(anonymous_1)","decl":{"start":{"line":9,"column":35},"end":{"line":9,"column":36}},"loc":{"start":{"line":9,"column":50},"end":{"line":145,"column":3}},"line":9}},"branchMap":{"0":{"loc":{"start":{"line":10,"column":4},"end":{"line":16,"column":5}},"type":"if","locations":[{"start":{"line":10,"column":4},"end":{"line":16,"column":5}},{"start":{},"end":{}}],"line":10},"1":{"loc":{"start":{"line":22,"column":6},"end":{"line":27,"column":7}},"type":"if","locations":[{"start":{"line":22,"column":6},"end":{"line":27,"column":7}},{"start":{},"end":{}}],"line":22},"2":{"loc":{"start":{"line":28,"column":6},"end":{"line":33,"column":7}},"type":"if","locations":[{"start":{"line":28,"column":6},"end":{"line":33,"column":7}},{"start":{},"end":{}}],"line":28},"3":{"loc":{"start":{"line":34,"column":6},"end":{"line":39,"column":7}},"type":"if","locations":[{"start":{"line":34,"column":6},"end":{"line":39,"column":7}},{"start":{},"end":{}}],"line":34},"4":{"loc":{"start":{"line":56,"column":6},"end":{"line":58,"column":7}},"type":"if","locations":[{"start":{"line":56,"column":6},"end":{"line":58,"column":7}},{"start":{},"end":{}}],"line":56},"5":{"loc":{"start":{"line":68,"column":6},"end":{"line":132,"column":7}},"type":"if","locations":[{"start":{"line":68,"column":6},"end":{"line":132,"column":7}},{"start":{"line":123,"column":13},"end":{"line":132,"column":7}}],"line":68},"6":{"loc":{"start":{"line":125,"column":8},"end":{"line":130,"column":9}},"type":"if","locations":[{"start":{"line":125,"column":8},"end":{"line":130,"column":9}},{"start":{},"end":{}}],"line":125}},"s":{"0":1,"1":1,"2":1,"3":1,"4":1,"5":0,"6":0,"7":0,"8":0,"9":0,"10":0,"11":0,"12":0,"13":0,"14":0,"15":0,"16":0,"17":0,"18":0,"19":0,"20":0,"21":0,"22":0,"23":0,"24":0,"25":0,"26":0,"27":0,"28":0,"29":0,"30":0,"31":0,"32":0,"33":0,"34":0,"35":0,"36":0,"37":0,"38":0,"39":0,"40":0,"41":0,"42":0,"43":0,"44":0,"45":0,"46":0,"47":0,"48":1},"f":{"0":0,"1":0},"b":{"0":[0,0],"1":[0,0],"2":[0,0],"3":[0,0],"4":[0,0],"5":[0,0],"6":[0,0]},"_coverageSchema":"1a1c01bbd47fc00a2c39e90264f33305004495a9","hash":"ae3322f92c6daa58e9a12503cbb9e8eef29728b1"}
,"D:\\Softwarica\\Sem-5\\Web API Development\\Final\\MusyncAPI\\controllers\\muisc_controller\\add_folders.js": {"path":"D:\\Softwarica\\Sem-5\\Web API Development\\Final\\MusyncAPI\\controllers\\muisc_controller\\add_folders.js","statementMap":{"0":{"start":{"line":3,"column":0},"end":{"line":3,"column":28}}},"fnMap":{"0":{"name":"addFolders","decl":{"start":{"line":1,"column":9},"end":{"line":1,"column":19}},"loc":{"start":{"line":1,"column":36},"end":{"line":1,"column":38}},"line":1}},"branchMap":{},"s":{"0":1},"f":{"0":0},"b":{},"_coverageSchema":"1a1c01bbd47fc00a2c39e90264f33305004495a9","hash":"0cec1adebdadb67b3b145d106306d2fc4c7da209"}
,"D:\\Softwarica\\Sem-5\\Web API Development\\Final\\MusyncAPI\\controllers\\muisc_controller\\add_to_playlist.js": {"path":"D:\\Softwarica\\Sem-5\\Web API Development\\Final\\MusyncAPI\\controllers\\muisc_controller\\add_to_playlist.js","statementMap":{"0":{"start":{"line":3,"column":0},"end":{"line":3,"column":31}}},"fnMap":{"0":{"name":"addToPlaylist","decl":{"start":{"line":1,"column":9},"end":{"line":1,"column":22}},"loc":{"start":{"line":1,"column":39},"end":{"line":1,"column":41}},"line":1}},"branchMap":{},"s":{"0":1},"f":{"0":0},"b":{},"_coverageSchema":"1a1c01bbd47fc00a2c39e90264f33305004495a9","hash":"dbe390e07d7f393d809159f302171b4cdce3e68f"}
,"D:\\Softwarica\\Sem-5\\Web API Development\\Final\\MusyncAPI\\controllers\\muisc_controller\\create_playlist.js": {"path":"D:\\Softwarica\\Sem-5\\Web API Development\\Final\\MusyncAPI\\controllers\\muisc_controller\\create_playlist.js","statementMap":{"0":{"start":{"line":3,"column":0},"end":{"line":3,"column":32}}},"fnMap":{"0":{"name":"createPlaylist","decl":{"start":{"line":1,"column":9},"end":{"line":1,"column":23}},"loc":{"start":{"line":1,"column":40},"end":{"line":1,"column":42}},"line":1}},"branchMap":{},"s":{"0":1},"f":{"0":0},"b":{},"_coverageSchema":"1a1c01bbd47fc00a2c39e90264f33305004495a9","hash":"aa44b16893c81baae3dd9cbc3c1d75a17f88d269"}
,"D:\\Softwarica\\Sem-5\\Web API Development\\Final\\MusyncAPI\\controllers\\muisc_controller\\get_all_album_with_songs.js": {"path":"D:\\Softwarica\\Sem-5\\Web API Development\\Final\\MusyncAPI\\controllers\\muisc_controller\\get_all_album_with_songs.js","statementMap":{"0":{"start":{"line":1,"column":11},"end":{"line":1,"column":24}},"1":{"start":{"line":2,"column":13},"end":{"line":2,"column":46}},"2":{"start":{"line":5,"column":2},"end":{"line":45,"column":3}},"3":{"start":{"line":7,"column":17},"end":{"line":7,"column":32}},"4":{"start":{"line":10,"column":18},"end":{"line":12,"column":6}},"5":{"start":{"line":15,"column":4},"end":{"line":19,"column":7}},"6":{"start":{"line":16,"column":6},"end":{"line":18,"column":7}},"7":{"start":{"line":17,"column":8},"end":{"line":17,"column":25}},"8":{"start":{"line":24,"column":27},"end":{"line":34,"column":10}},"9":{"start":{"line":25,"column":6},"end":{"line":27,"column":7}},"10":{"start":{"line":26,"column":8},"end":{"line":26,"column":31}},"11":{"start":{"line":28,"column":6},"end":{"line":32,"column":7}},"12":{"start":{"line":29,"column":8},"end":{"line":29,"column":35}},"13":{"start":{"line":31,"column":8},"end":{"line":31,"column":33}},"14":{"start":{"line":33,"column":6},"end":{"line":33,"column":17}},"15":{"start":{"line":36,"column":4},"end":{"line":39,"column":7}},"16":{"start":{"line":41,"column":4},"end":{"line":44,"column":7}},"17":{"start":{"line":48,"column":0},"end":{"line":48,"column":38}}},"fnMap":{"0":{"name":"getAllAlbumWithSongs","decl":{"start":{"line":4,"column":15},"end":{"line":4,"column":35}},"loc":{"start":{"line":4,"column":52},"end":{"line":46,"column":1}},"line":4},"1":{"name":"(anonymous_1)","decl":{"start":{"line":15,"column":18},"end":{"line":15,"column":19}},"loc":{"start":{"line":15,"column":28},"end":{"line":19,"column":5}},"line":15},"2":{"name":"(anonymous_2)","decl":{"start":{"line":24,"column":40},"end":{"line":24,"column":41}},"loc":{"start":{"line":24,"column":55},"end":{"line":34,"column":5}},"line":24}},"branchMap":{"0":{"loc":{"start":{"line":16,"column":6},"end":{"line":18,"column":7}},"type":"if","locations":[{"start":{"line":16,"column":6},"end":{"line":18,"column":7}},{"start":{},"end":{}}],"line":16},"1":{"loc":{"start":{"line":25,"column":6},"end":{"line":27,"column":7}},"type":"if","locations":[{"start":{"line":25,"column":6},"end":{"line":27,"column":7}},{"start":{},"end":{}}],"line":25},"2":{"loc":{"start":{"line":28,"column":6},"end":{"line":32,"column":7}},"type":"if","locations":[{"start":{"line":28,"column":6},"end":{"line":32,"column":7}},{"start":{"line":30,"column":13},"end":{"line":32,"column":7}}],"line":28}},"s":{"0":1,"1":1,"2":0,"3":0,"4":0,"5":0,"6":0,"7":0,"8":0,"9":0,"10":0,"11":0,"12":0,"13":0,"14":0,"15":0,"16":0,"17":1},"f":{"0":0,"1":0,"2":0},"b":{"0":[0,0],"1":[0,0],"2":[0,0]},"_coverageSchema":"1a1c01bbd47fc00a2c39e90264f33305004495a9","hash":"6861cb2599615c11a3c5bc41abfbef8dff716e8a"}
,"D:\\Softwarica\\Sem-5\\Web API Development\\Final\\MusyncAPI\\controllers\\muisc_controller\\get_all_albums.js": {"path":"D:\\Softwarica\\Sem-5\\Web API Development\\Final\\MusyncAPI\\controllers\\muisc_controller\\get_all_albums.js","statementMap":{"0":{"start":{"line":1,"column":11},"end":{"line":1,"column":24}},"1":{"start":{"line":2,"column":13},"end":{"line":2,"column":46}},"2":{"start":{"line":5,"column":2},"end":{"line":56,"column":3}},"3":{"start":{"line":7,"column":17},"end":{"line":7,"column":32}},"4":{"start":{"line":10,"column":18},"end":{"line":12,"column":6}},"5":{"start":{"line":15,"column":4},"end":{"line":19,"column":7}},"6":{"start":{"line":16,"column":6},"end":{"line":18,"column":7}},"7":{"start":{"line":17,"column":8},"end":{"line":17,"column":25}},"8":{"start":{"line":31,"column":19},"end":{"line":31,"column":21}},"9":{"start":{"line":32,"column":4},"end":{"line":45,"column":7}},"10":{"start":{"line":33,"column":18},"end":{"line":33,"column":67}},"11":{"start":{"line":33,"column":41},"end":{"line":33,"column":66}},"12":{"start":{"line":34,"column":6},"end":{"line":44,"column":7}},"13":{"start":{"line":35,"column":8},"end":{"line":41,"column":11}},"14":{"start":{"line":43,"column":8},"end":{"line":43,"column":30}},"15":{"start":{"line":47,"column":4},"end":{"line":50,"column":7}},"16":{"start":{"line":52,"column":4},"end":{"line":55,"column":7}},"17":{"start":{"line":59,"column":0},"end":{"line":59,"column":30}}},"fnMap":{"0":{"name":"getAllAlbums","decl":{"start":{"line":4,"column":15},"end":{"line":4,"column":27}},"loc":{"start":{"line":4,"column":44},"end":{"line":57,"column":1}},"line":4},"1":{"name":"(anonymous_1)","decl":{"start":{"line":15,"column":18},"end":{"line":15,"column":19}},"loc":{"start":{"line":15,"column":28},"end":{"line":19,"column":5}},"line":15},"2":{"name":"(anonymous_2)","decl":{"start":{"line":32,"column":18},"end":{"line":32,"column":19}},"loc":{"start":{"line":32,"column":28},"end":{"line":45,"column":5}},"line":32},"3":{"name":"(anonymous_3)","decl":{"start":{"line":33,"column":30},"end":{"line":33,"column":31}},"loc":{"start":{"line":33,"column":41},"end":{"line":33,"column":66}},"line":33}},"branchMap":{"0":{"loc":{"start":{"line":16,"column":6},"end":{"line":18,"column":7}},"type":"if","locations":[{"start":{"line":16,"column":6},"end":{"line":18,"column":7}},{"start":{},"end":{}}],"line":16},"1":{"loc":{"start":{"line":34,"column":6},"end":{"line":44,"column":7}},"type":"if","locations":[{"start":{"line":34,"column":6},"end":{"line":44,"column":7}},{"start":{"line":42,"column":13},"end":{"line":44,"column":7}}],"line":34}},"s":{"0":1,"1":1,"2":0,"3":0,"4":0,"5":0,"6":0,"7":0,"8":0,"9":0,"10":0,"11":0,"12":0,"13":0,"14":0,"15":0,"16":0,"17":1},"f":{"0":0,"1":0,"2":0,"3":0},"b":{"0":[0,0],"1":[0,0]},"_coverageSchema":"1a1c01bbd47fc00a2c39e90264f33305004495a9","hash":"8ecda416e83e9940a5dacf95fa04851b681f9376"}
,"D:\\Softwarica\\Sem-5\\Web API Development\\Final\\MusyncAPI\\controllers\\muisc_controller\\get_all_artist_with_songs.js": {"path":"D:\\Softwarica\\Sem-5\\Web API Development\\Final\\MusyncAPI\\controllers\\muisc_controller\\get_all_artist_with_songs.js","statementMap":{"0":{"start":{"line":1,"column":13},"end":{"line":1,"column":46}},"1":{"start":{"line":2,"column":11},"end":{"line":2,"column":24}},"2":{"start":{"line":5,"column":2},"end":{"line":41,"column":3}},"3":{"start":{"line":7,"column":17},"end":{"line":7,"column":32}},"4":{"start":{"line":10,"column":18},"end":{"line":12,"column":6}},"5":{"start":{"line":15,"column":4},"end":{"line":19,"column":7}},"6":{"start":{"line":16,"column":6},"end":{"line":18,"column":7}},"7":{"start":{"line":17,"column":8},"end":{"line":17,"column":25}},"8":{"start":{"line":22,"column":28},"end":{"line":22,"column":30}},"9":{"start":{"line":23,"column":4},"end":{"line":30,"column":7}},"10":{"start":{"line":24,"column":21},"end":{"line":24,"column":32}},"11":{"start":{"line":25,"column":6},"end":{"line":29,"column":7}},"12":{"start":{"line":26,"column":8},"end":{"line":26,"column":43}},"13":{"start":{"line":28,"column":8},"end":{"line":28,"column":41}},"14":{"start":{"line":32,"column":4},"end":{"line":35,"column":7}},"15":{"start":{"line":37,"column":4},"end":{"line":40,"column":7}},"16":{"start":{"line":44,"column":0},"end":{"line":44,"column":39}}},"fnMap":{"0":{"name":"getAllArtistWithSongs","decl":{"start":{"line":4,"column":15},"end":{"line":4,"column":36}},"loc":{"start":{"line":4,"column":53},"end":{"line":42,"column":1}},"line":4},"1":{"name":"(anonymous_1)","decl":{"start":{"line":15,"column":18},"end":{"line":15,"column":19}},"loc":{"start":{"line":15,"column":28},"end":{"line":19,"column":5}},"line":15},"2":{"name":"(anonymous_2)","decl":{"start":{"line":23,"column":18},"end":{"line":23,"column":19}},"loc":{"start":{"line":23,"column":28},"end":{"line":30,"column":5}},"line":23}},"branchMap":{"0":{"loc":{"start":{"line":16,"column":6},"end":{"line":18,"column":7}},"type":"if","locations":[{"start":{"line":16,"column":6},"end":{"line":18,"column":7}},{"start":{},"end":{}}],"line":16},"1":{"loc":{"start":{"line":25,"column":6},"end":{"line":29,"column":7}},"type":"if","locations":[{"start":{"line":25,"column":6},"end":{"line":29,"column":7}},{"start":{"line":27,"column":13},"end":{"line":29,"column":7}}],"line":25}},"s":{"0":1,"1":1,"2":0,"3":0,"4":0,"5":0,"6":0,"7":0,"8":0,"9":0,"10":0,"11":0,"12":0,"13":0,"14":0,"15":0,"16":1},"f":{"0":0,"1":0,"2":0},"b":{"0":[0,0],"1":[0,0]},"_coverageSchema":"1a1c01bbd47fc00a2c39e90264f33305004495a9","hash":"cf93b72ff114647e80c383c627d568d2f5b18621"}
,"D:\\Softwarica\\Sem-5\\Web API Development\\Final\\MusyncAPI\\controllers\\muisc_controller\\get_all_folder_with_songs.js": {"path":"D:\\Softwarica\\Sem-5\\Web API Development\\Final\\MusyncAPI\\controllers\\muisc_controller\\get_all_folder_with_songs.js","statementMap":{"0":{"start":{"line":1,"column":11},"end":{"line":1,"column":24}},"1":{"start":{"line":2,"column":15},"end":{"line":2,"column":32}},"2":{"start":{"line":3,"column":13},"end":{"line":3,"column":28}},"3":{"start":{"line":4,"column":13},"end":{"line":4,"column":46}},"4":{"start":{"line":5,"column":15},"end":{"line":5,"column":50}},"5":{"start":{"line":8,"column":2},"end":{"line":44,"column":3}},"6":{"start":{"line":10,"column":17},"end":{"line":10,"column":32}},"7":{"start":{"line":13,"column":18},"end":{"line":15,"column":6}},"8":{"start":{"line":18,"column":4},"end":{"line":22,"column":7}},"9":{"start":{"line":19,"column":6},"end":{"line":21,"column":7}},"10":{"start":{"line":20,"column":8},"end":{"line":20,"column":25}},"11":{"start":{"line":25,"column":20},"end":{"line":25,"column":22}},"12":{"start":{"line":26,"column":4},"end":{"line":33,"column":7}},"13":{"start":{"line":27,"column":21},"end":{"line":27,"column":49}},"14":{"start":{"line":28,"column":6},"end":{"line":32,"column":7}},"15":{"start":{"line":29,"column":8},"end":{"line":29,"column":35}},"16":{"start":{"line":31,"column":8},"end":{"line":31,"column":33}},"17":{"start":{"line":35,"column":4},"end":{"line":38,"column":7}},"18":{"start":{"line":40,"column":4},"end":{"line":43,"column":7}},"19":{"start":{"line":47,"column":0},"end":{"line":47,"column":39}}},"fnMap":{"0":{"name":"getAllFolderWithSongs","decl":{"start":{"line":7,"column":15},"end":{"line":7,"column":36}},"loc":{"start":{"line":7,"column":53},"end":{"line":45,"column":1}},"line":7},"1":{"name":"(anonymous_1)","decl":{"start":{"line":18,"column":18},"end":{"line":18,"column":19}},"loc":{"start":{"line":18,"column":28},"end":{"line":22,"column":5}},"line":18},"2":{"name":"(anonymous_2)","decl":{"start":{"line":26,"column":18},"end":{"line":26,"column":19}},"loc":{"start":{"line":26,"column":28},"end":{"line":33,"column":5}},"line":26}},"branchMap":{"0":{"loc":{"start":{"line":19,"column":6},"end":{"line":21,"column":7}},"type":"if","locations":[{"start":{"line":19,"column":6},"end":{"line":21,"column":7}},{"start":{},"end":{}}],"line":19},"1":{"loc":{"start":{"line":28,"column":6},"end":{"line":32,"column":7}},"type":"if","locations":[{"start":{"line":28,"column":6},"end":{"line":32,"column":7}},{"start":{"line":30,"column":13},"end":{"line":32,"column":7}}],"line":28}},"s":{"0":1,"1":1,"2":1,"3":1,"4":1,"5":0,"6":0,"7":0,"8":0,"9":0,"10":0,"11":0,"12":0,"13":0,"14":0,"15":0,"16":0,"17":0,"18":0,"19":1},"f":{"0":0,"1":0,"2":0},"b":{"0":[0,0],"1":[0,0]},"_coverageSchema":"1a1c01bbd47fc00a2c39e90264f33305004495a9","hash":"4250c8e360efda46d1ee3175dd52827511000cb7"}
,"D:\\Softwarica\\Sem-5\\Web API Development\\Final\\MusyncAPI\\controllers\\muisc_controller\\get_all_folders.js": {"path":"D:\\Softwarica\\Sem-5\\Web API Development\\Final\\MusyncAPI\\controllers\\muisc_controller\\get_all_folders.js","statementMap":{"0":{"start":{"line":1,"column":13},"end":{"line":1,"column":46}},"1":{"start":{"line":2,"column":11},"end":{"line":2,"column":24}},"2":{"start":{"line":3,"column":13},"end":{"line":3,"column":28}},"3":{"start":{"line":6,"column":2},"end":{"line":40,"column":3}},"4":{"start":{"line":8,"column":17},"end":{"line":8,"column":32}},"5":{"start":{"line":11,"column":18},"end":{"line":13,"column":6}},"6":{"start":{"line":16,"column":4},"end":{"line":20,"column":7}},"7":{"start":{"line":17,"column":6},"end":{"line":19,"column":7}},"8":{"start":{"line":18,"column":8},"end":{"line":18,"column":25}},"9":{"start":{"line":23,"column":20},"end":{"line":23,"column":22}},"10":{"start":{"line":24,"column":4},"end":{"line":29,"column":7}},"11":{"start":{"line":25,"column":21},"end":{"line":25,"column":49}},"12":{"start":{"line":26,"column":6},"end":{"line":28,"column":7}},"13":{"start":{"line":27,"column":8},"end":{"line":27,"column":29}},"14":{"start":{"line":31,"column":4},"end":{"line":34,"column":7}},"15":{"start":{"line":36,"column":4},"end":{"line":39,"column":7}},"16":{"start":{"line":43,"column":0},"end":{"line":43,"column":31}}},"fnMap":{"0":{"name":"getAllFolders","decl":{"start":{"line":5,"column":15},"end":{"line":5,"column":28}},"loc":{"start":{"line":5,"column":45},"end":{"line":41,"column":1}},"line":5},"1":{"name":"(anonymous_1)","decl":{"start":{"line":16,"column":18},"end":{"line":16,"column":19}},"loc":{"start":{"line":16,"column":28},"end":{"line":20,"column":5}},"line":16},"2":{"name":"(anonymous_2)","decl":{"start":{"line":24,"column":18},"end":{"line":24,"column":19}},"loc":{"start":{"line":24,"column":28},"end":{"line":29,"column":5}},"line":24}},"branchMap":{"0":{"loc":{"start":{"line":17,"column":6},"end":{"line":19,"column":7}},"type":"if","locations":[{"start":{"line":17,"column":6},"end":{"line":19,"column":7}},{"start":{},"end":{}}],"line":17},"1":{"loc":{"start":{"line":26,"column":6},"end":{"line":28,"column":7}},"type":"if","locations":[{"start":{"line":26,"column":6},"end":{"line":28,"column":7}},{"start":{},"end":{}}],"line":26}},"s":{"0":1,"1":1,"2":1,"3":0,"4":0,"5":0,"6":0,"7":0,"8":0,"9":0,"10":0,"11":0,"12":0,"13":0,"14":0,"15":0,"16":1},"f":{"0":0,"1":0,"2":0},"b":{"0":[0,0],"1":[0,0]},"_coverageSchema":"1a1c01bbd47fc00a2c39e90264f33305004495a9","hash":"ffabbdfbabcd53db18d81fa8d3fd4892b49e4915"}
,"D:\\Softwarica\\Sem-5\\Web API Development\\Final\\MusyncAPI\\controllers\\muisc_controller\\get_all_songs.js": {"path":"D:\\Softwarica\\Sem-5\\Web API Development\\Final\\MusyncAPI\\controllers\\muisc_controller\\get_all_songs.js","statementMap":{"0":{"start":{"line":1,"column":11},"end":{"line":1,"column":24}},"1":{"start":{"line":2,"column":15},"end":{"line":2,"column":32}},"2":{"start":{"line":3,"column":13},"end":{"line":3,"column":46}},"3":{"start":{"line":4,"column":25},"end":{"line":4,"column":54}},"4":{"start":{"line":7,"column":2},"end":{"line":50,"column":3}},"5":{"start":{"line":8,"column":22},"end":{"line":8,"column":37}},"6":{"start":{"line":9,"column":23},"end":{"line":9,"column":64}},"7":{"start":{"line":11,"column":4},"end":{"line":42,"column":5}},"8":{"start":{"line":12,"column":23},"end":{"line":12,"column":53}},"9":{"start":{"line":14,"column":23},"end":{"line":14,"column":25}},"10":{"start":{"line":16,"column":6},"end":{"line":29,"column":7}},"11":{"start":{"line":17,"column":27},"end":{"line":17,"column":76}},"12":{"start":{"line":19,"column":8},"end":{"line":28,"column":9}},"13":{"start":{"line":20,"column":10},"end":{"line":20,"column":36}},"14":{"start":{"line":23,"column":10},"end":{"line":26,"column":11}},"15":{"start":{"line":24,"column":12},"end":{"line":24,"column":60}},"16":{"start":{"line":25,"column":12},"end":{"line":25,"column":42}},"17":{"start":{"line":27,"column":10},"end":{"line":27,"column":62}},"18":{"start":{"line":31,"column":6},"end":{"line":35,"column":9}},"19":{"start":{"line":37,"column":6},"end":{"line":41,"column":9}},"20":{"start":{"line":44,"column":4},"end":{"line":44,"column":25}},"21":{"start":{"line":45,"column":4},"end":{"line":49,"column":7}},"22":{"start":{"line":53,"column":0},"end":{"line":53,"column":29}}},"fnMap":{"0":{"name":"getAllSongs","decl":{"start":{"line":6,"column":15},"end":{"line":6,"column":26}},"loc":{"start":{"line":6,"column":43},"end":{"line":51,"column":1}},"line":6}},"branchMap":{"0":{"loc":{"start":{"line":11,"column":4},"end":{"line":42,"column":5}},"type":"if","locations":[{"start":{"line":11,"column":4},"end":{"line":42,"column":5}},{"start":{"line":36,"column":11},"end":{"line":42,"column":5}}],"line":11},"1":{"loc":{"start":{"line":19,"column":8},"end":{"line":28,"column":9}},"type":"if","locations":[{"start":{"line":19,"column":8},"end":{"line":28,"column":9}},{"start":{"line":21,"column":15},"end":{"line":28,"column":9}}],"line":19},"2":{"loc":{"start":{"line":23,"column":10},"end":{"line":26,"column":11}},"type":"if","locations":[{"start":{"line":23,"column":10},"end":{"line":26,"column":11}},{"start":{},"end":{}}],"line":23}},"s":{"0":1,"1":1,"2":1,"3":1,"4":0,"5":0,"6":0,"7":0,"8":0,"9":0,"10":0,"11":0,"12":0,"13":0,"14":0,"15":0,"16":0,"17":0,"18":0,"19":0,"20":0,"21":0,"22":1},"f":{"0":0},"b":{"0":[0,0],"1":[0,0],"2":[0,0]},"_coverageSchema":"1a1c01bbd47fc00a2c39e90264f33305004495a9","hash":"9d97644879cb88292f94b80f46f60b309efb0632"}
,"D:\\Softwarica\\Sem-5\\Web API Development\\Final\\MusyncAPI\\controllers\\muisc_controller\\get_folder_songs.js": {"path":"D:\\Softwarica\\Sem-5\\Web API Development\\Final\\MusyncAPI\\controllers\\muisc_controller\\get_folder_songs.js","statementMap":{"0":{"start":{"line":1,"column":11},"end":{"line":1,"column":24}},"1":{"start":{"line":2,"column":13},"end":{"line":2,"column":28}},"2":{"start":{"line":3,"column":13},"end":{"line":3,"column":46}},"3":{"start":{"line":6,"column":2},"end":{"line":47,"column":3}},"4":{"start":{"line":8,"column":17},"end":{"line":8,"column":32}},"5":{"start":{"line":11,"column":22},"end":{"line":11,"column":40}},"6":{"start":{"line":13,"column":4},"end":{"line":18,"column":5}},"7":{"start":{"line":14,"column":6},"end":{"line":17,"column":9}},"8":{"start":{"line":21,"column":18},"end":{"line":23,"column":6}},"9":{"start":{"line":26,"column":4},"end":{"line":30,"column":7}},"10":{"start":{"line":27,"column":6},"end":{"line":29,"column":7}},"11":{"start":{"line":28,"column":8},"end":{"line":28,"column":25}},"12":{"start":{"line":33,"column":24},"end":{"line":36,"column":6}},"13":{"start":{"line":34,"column":21},"end":{"line":34,"column":49}},"14":{"start":{"line":35,"column":6},"end":{"line":35,"column":34}},"15":{"start":{"line":38,"column":4},"end":{"line":41,"column":7}},"16":{"start":{"line":43,"column":4},"end":{"line":46,"column":7}},"17":{"start":{"line":50,"column":0},"end":{"line":50,"column":32}}},"fnMap":{"0":{"name":"getFolderSongs","decl":{"start":{"line":5,"column":15},"end":{"line":5,"column":29}},"loc":{"start":{"line":5,"column":46},"end":{"line":48,"column":1}},"line":5},"1":{"name":"(anonymous_1)","decl":{"start":{"line":26,"column":18},"end":{"line":26,"column":19}},"loc":{"start":{"line":26,"column":28},"end":{"line":30,"column":5}},"line":26},"2":{"name":"(anonymous_2)","decl":{"start":{"line":33,"column":37},"end":{"line":33,"column":38}},"loc":{"start":{"line":33,"column":47},"end":{"line":36,"column":5}},"line":33}},"branchMap":{"0":{"loc":{"start":{"line":13,"column":4},"end":{"line":18,"column":5}},"type":"if","locations":[{"start":{"line":13,"column":4},"end":{"line":18,"column":5}},{"start":{},"end":{}}],"line":13},"1":{"loc":{"start":{"line":27,"column":6},"end":{"line":29,"column":7}},"type":"if","locations":[{"start":{"line":27,"column":6},"end":{"line":29,"column":7}},{"start":{},"end":{}}],"line":27}},"s":{"0":1,"1":1,"2":1,"3":0,"4":0,"5":0,"6":0,"7":0,"8":0,"9":0,"10":0,"11":0,"12":0,"13":0,"14":0,"15":0,"16":0,"17":1},"f":{"0":0,"1":0,"2":0},"b":{"0":[0,0],"1":[0,0]},"_coverageSchema":"1a1c01bbd47fc00a2c39e90264f33305004495a9","hash":"34f12ea16b2a747967cc56f4d8b98e205d6ff6e2"}
,"D:\\Softwarica\\Sem-5\\Web API Development\\Final\\MusyncAPI\\controllers\\muisc_controller\\get_playlists.js": {"path":"D:\\Softwarica\\Sem-5\\Web API Development\\Final\\MusyncAPI\\controllers\\muisc_controller\\get_playlists.js","statementMap":{"0":{"start":{"line":3,"column":0},"end":{"line":3,"column":30}}},"fnMap":{"0":{"name":"getPlaylists","decl":{"start":{"line":1,"column":9},"end":{"line":1,"column":21}},"loc":{"start":{"line":1,"column":38},"end":{"line":1,"column":40}},"line":1}},"branchMap":{},"s":{"0":1},"f":{"0":0},"b":{},"_coverageSchema":"1a1c01bbd47fc00a2c39e90264f33305004495a9","hash":"01a92b0fbee099a8000733ac46c3be4e09bbf555"}
,"D:\\Softwarica\\Sem-5\\Web API Development\\Final\\MusyncAPI\\controllers\\muisc_controller\\common\\find_song.js": {"path":"D:\\Softwarica\\Sem-5\\Web API Development\\Final\\MusyncAPI\\controllers\\muisc_controller\\common\\find_song.js","statementMap":{"0":{"start":{"line":1,"column":11},"end":{"line":1,"column":24}},"1":{"start":{"line":2,"column":13},"end":{"line":2,"column":28}},"2":{"start":{"line":3,"column":13},"end":{"line":3,"column":49}},"3":{"start":{"line":6,"column":19},"end":{"line":6,"column":21}},"4":{"start":{"line":10,"column":4},"end":{"line":44,"column":5}},"5":{"start":{"line":11,"column":20},"end":{"line":11,"column":39}},"6":{"start":{"line":13,"column":6},"end":{"line":34,"column":7}},"7":{"start":{"line":14,"column":25},"end":{"line":14,"column":45}},"8":{"start":{"line":15,"column":25},"end":{"line":15,"column":46}},"9":{"start":{"line":17,"column":8},"end":{"line":33,"column":9}},"10":{"start":{"line":18,"column":10},"end":{"line":18,"column":44}},"11":{"start":{"line":19,"column":15},"end":{"line":33,"column":9}},"12":{"start":{"line":20,"column":21},"end":{"line":22,"column":12}},"13":{"start":{"line":25,"column":10},"end":{"line":32,"column":11}},"14":{"start":{"line":26,"column":12},"end":{"line":26,"column":32}},"15":{"start":{"line":29,"column":12},"end":{"line":31,"column":13}},"16":{"start":{"line":30,"column":14},"end":{"line":30,"column":38}},"17":{"start":{"line":36,"column":23},"end":{"line":36,"column":42}},"18":{"start":{"line":37,"column":6},"end":{"line":41,"column":7}},"19":{"start":{"line":38,"column":8},"end":{"line":40,"column":9}},"20":{"start":{"line":39,"column":10},"end":{"line":39,"column":62}},"21":{"start":{"line":43,"column":6},"end":{"line":43,"column":22}},"22":{"start":{"line":47,"column":2},"end":{"line":47,"column":41}},"23":{"start":{"line":50,"column":2},"end":{"line":50,"column":18}},"24":{"start":{"line":53,"column":0},"end":{"line":53,"column":36}}},"fnMap":{"0":{"name":"findMP3Files","decl":{"start":{"line":5,"column":15},"end":{"line":5,"column":27}},"loc":{"start":{"line":5,"column":43},"end":{"line":51,"column":1}},"line":5},"1":{"name":"traverseDirectory","decl":{"start":{"line":8,"column":17},"end":{"line":8,"column":34}},"loc":{"start":{"line":8,"column":40},"end":{"line":45,"column":3}},"line":8}},"branchMap":{"0":{"loc":{"start":{"line":10,"column":4},"end":{"line":44,"column":5}},"type":"if","locations":[{"start":{"line":10,"column":4},"end":{"line":44,"column":5}},{"start":{"line":42,"column":11},"end":{"line":44,"column":5}}],"line":10},"1":{"loc":{"start":{"line":17,"column":8},"end":{"line":33,"column":9}},"type":"if","locations":[{"start":{"line":17,"column":8},"end":{"line":33,"column":9}},{"start":{"line":19,"column":15},"end":{"line":33,"column":9}}],"line":17},"2":{"loc":{"start":{"line":19,"column":15},"end":{"line":33,"column":9}},"type":"if","locations":[{"start":{"line":19,"column":15},"end":{"line":33,"column":9}},{"start":{},"end":{}}],"line":19},"3":{"loc":{"start":{"line":25,"column":10},"end":{"line":32,"column":11}},"type":"if","locations":[{"start":{"line":25,"column":10},"end":{"line":32,"column":11}},{"start":{"line":27,"column":17},"end":{"line":32,"column":11}}],"line":25},"4":{"loc":{"start":{"line":25,"column":14},"end":{"line":25,"column":54}},"type":"binary-expr","locations":[{"start":{"line":25,"column":14},"end":{"line":25,"column":27}},{"start":{"line":25,"column":31},"end":{"line":25,"column":54}}],"line":25},"5":{"loc":{"start":{"line":29,"column":12},"end":{"line":31,"column":13}},"type":"if","locations":[{"start":{"line":29,"column":12},"end":{"line":31,"column":13}},{"start":{},"end":{}}],"line":29},"6":{"loc":{"start":{"line":38,"column":8},"end":{"line":40,"column":9}},"type":"if","locations":[{"start":{"line":38,"column":8},"end":{"line":40,"column":9}},{"start":{},"end":{}}],"line":38}},"s":{"0":1,"1":1,"2":1,"3":0,"4":0,"5":0,"6":0,"7":0,"8":0,"9":0,"10":0,"11":0,"12":0,"13":0,"14":0,"15":0,"16":0,"17":0,"18":0,"19":0,"20":0,"21":0,"22":0,"23":0,"24":1},"f":{"0":0,"1":0},"b":{"0":[0,0],"1":[0,0],"2":[0,0],"3":[0,0],"4":[0,0],"5":[0,0],"6":[0,0]},"_coverageSchema":"1a1c01bbd47fc00a2c39e90264f33305004495a9","hash":"57d60f786f2a75f530d68868d92f2b83efe02a3d"}
,"D:\\Softwarica\\Sem-5\\Web API Development\\Final\\MusyncAPI\\controllers\\muisc_controller\\common\\upload_album_art.js": {"path":"D:\\Softwarica\\Sem-5\\Web API Development\\Final\\MusyncAPI\\controllers\\muisc_controller\\common\\upload_album_art.js","statementMap":{"0":{"start":{"line":1,"column":15},"end":{"line":1,"column":32}},"1":{"start":{"line":2,"column":13},"end":{"line":2,"column":28}},"2":{"start":{"line":3,"column":11},"end":{"line":3,"column":24}},"3":{"start":{"line":4,"column":15},"end":{"line":4,"column":50}},"4":{"start":{"line":7,"column":20},"end":{"line":7,"column":35}},"5":{"start":{"line":8,"column":2},"end":{"line":85,"column":5}},"6":{"start":{"line":9,"column":4},"end":{"line":15,"column":5}},"7":{"start":{"line":10,"column":6},"end":{"line":10,"column":25}},"8":{"start":{"line":11,"column":6},"end":{"line":14,"column":9}},"9":{"start":{"line":17,"column":4},"end":{"line":84,"column":5}},"10":{"start":{"line":18,"column":48},"end":{"line":18,"column":56}},"11":{"start":{"line":19,"column":19},"end":{"line":19,"column":27}},"12":{"start":{"line":21,"column":6},"end":{"line":26,"column":7}},"13":{"start":{"line":22,"column":8},"end":{"line":25,"column":11}},"14":{"start":{"line":27,"column":6},"end":{"line":32,"column":7}},"15":{"start":{"line":28,"column":8},"end":{"line":31,"column":11}},"16":{"start":{"line":33,"column":6},"end":{"line":38,"column":7}},"17":{"start":{"line":34,"column":8},"end":{"line":37,"column":11}},"18":{"start":{"line":40,"column":25},"end":{"line":40,"column":42}},"19":{"start":{"line":41,"column":27},"end":{"line":45,"column":7}},"20":{"start":{"line":47,"column":33},"end":{"line":47,"column":53}},"21":{"start":{"line":48,"column":23},"end":{"line":48,"column":52}},"22":{"start":{"line":50,"column":30},"end":{"line":50,"column":71}},"23":{"start":{"line":51,"column":29},"end":{"line":51,"column":54}},"24":{"start":{"line":53,"column":25},"end":{"line":53,"column":66}},"25":{"start":{"line":55,"column":6},"end":{"line":57,"column":7}},"26":{"start":{"line":56,"column":8},"end":{"line":56,"column":54}},"27":{"start":{"line":59,"column":23},"end":{"line":62,"column":7}},"28":{"start":{"line":65,"column":6},"end":{"line":70,"column":7}},"29":{"start":{"line":66,"column":8},"end":{"line":69,"column":10}},"30":{"start":{"line":71,"column":6},"end":{"line":71,"column":31}},"31":{"start":{"line":73,"column":6},"end":{"line":77,"column":9}},"32":{"start":{"line":79,"column":6},"end":{"line":79,"column":27}},"33":{"start":{"line":80,"column":6},"end":{"line":83,"column":9}},"34":{"start":{"line":88,"column":0},"end":{"line":88,"column":32}}},"fnMap":{"0":{"name":"uploadAlbumArt","decl":{"start":{"line":6,"column":9},"end":{"line":6,"column":23}},"loc":{"start":{"line":6,"column":40},"end":{"line":86,"column":1}},"line":6},"1":{"name":"(anonymous_1)","decl":{"start":{"line":8,"column":40},"end":{"line":8,"column":41}},"loc":{"start":{"line":8,"column":55},"end":{"line":85,"column":3}},"line":8}},"branchMap":{"0":{"loc":{"start":{"line":9,"column":4},"end":{"line":15,"column":5}},"type":"if","locations":[{"start":{"line":9,"column":4},"end":{"line":15,"column":5}},{"start":{},"end":{}}],"line":9},"1":{"loc":{"start":{"line":21,"column":6},"end":{"line":26,"column":7}},"type":"if","locations":[{"start":{"line":21,"column":6},"end":{"line":26,"column":7}},{"start":{},"end":{}}],"line":21},"2":{"loc":{"start":{"line":27,"column":6},"end":{"line":32,"column":7}},"type":"if","locations":[{"start":{"line":27,"column":6},"end":{"line":32,"column":7}},{"start":{},"end":{}}],"line":27},"3":{"loc":{"start":{"line":33,"column":6},"end":{"line":38,"column":7}},"type":"if","locations":[{"start":{"line":33,"column":6},"end":{"line":38,"column":7}},{"start":{},"end":{}}],"line":33},"4":{"loc":{"start":{"line":55,"column":6},"end":{"line":57,"column":7}},"type":"if","locations":[{"start":{"line":55,"column":6},"end":{"line":57,"column":7}},{"start":{},"end":{}}],"line":55},"5":{"loc":{"start":{"line":65,"column":6},"end":{"line":70,"column":7}},"type":"if","locations":[{"start":{"line":65,"column":6},"end":{"line":70,"column":7}},{"start":{},"end":{}}],"line":65}},"s":{"0":1,"1":1,"2":1,"3":1,"4":0,"5":0,"6":0,"7":0,"8":0,"9":0,"10":0,"11":0,"12":0,"13":0,"14":0,"15":0,"16":0,"17":0,"18":0,"19":0,"20":0,"21":0,"22":0,"23":0,"24":0,"25":0,"26":0,"27":0,"28":0,"29":0,"30":0,"31":0,"32":0,"33":0,"34":1},"f":{"0":0,"1":0},"b":{"0":[0,0],"1":[0,0],"2":[0,0],"3":[0,0],"4":[0,0],"5":[0,0]},"_coverageSchema":"1a1c01bbd47fc00a2c39e90264f33305004495a9","hash":"0ed492df853a603fd5c479b977a0ff8f8aa46391"}
,"D:\\Softwarica\\Sem-5\\Web API Development\\Final\\MusyncAPI\\controllers\\user_controller\\user_login.js": {"path":"D:\\Softwarica\\Sem-5\\Web API Development\\Final\\MusyncAPI\\controllers\\user_controller\\user_login.js","statementMap":{"0":{"start":{"line":1,"column":13},"end":{"line":1,"column":46}},"1":{"start":{"line":2,"column":17},"end":{"line":2,"column":36}},"2":{"start":{"line":3,"column":12},"end":{"line":3,"column":35}},"3":{"start":{"line":6,"column":2},"end":{"line":55,"column":3}},"4":{"start":{"line":7,"column":32},"end":{"line":7,"column":40}},"5":{"start":{"line":9,"column":4},"end":{"line":14,"column":5}},"6":{"start":{"line":10,"column":6},"end":{"line":13,"column":9}},"7":{"start":{"line":16,"column":17},"end":{"line":16,"column":46}},"8":{"start":{"line":17,"column":4},"end":{"line":22,"column":5}},"9":{"start":{"line":18,"column":6},"end":{"line":21,"column":9}},"10":{"start":{"line":24,"column":20},"end":{"line":24,"column":67}},"11":{"start":{"line":25,"column":4},"end":{"line":29,"column":5}},"12":{"start":{"line":26,"column":6},"end":{"line":28,"column":66}},"13":{"start":{"line":31,"column":18},"end":{"line":43,"column":5}},"14":{"start":{"line":45,"column":4},"end":{"line":49,"column":7}},"15":{"start":{"line":51,"column":4},"end":{"line":54,"column":7}},"16":{"start":{"line":58,"column":0},"end":{"line":58,"column":23}}},"fnMap":{"0":{"name":"login","decl":{"start":{"line":5,"column":15},"end":{"line":5,"column":20}},"loc":{"start":{"line":5,"column":31},"end":{"line":56,"column":1}},"line":5}},"branchMap":{"0":{"loc":{"start":{"line":9,"column":4},"end":{"line":14,"column":5}},"type":"if","locations":[{"start":{"line":9,"column":4},"end":{"line":14,"column":5}},{"start":{},"end":{}}],"line":9},"1":{"loc":{"start":{"line":9,"column":8},"end":{"line":9,"column":27}},"type":"binary-expr","locations":[{"start":{"line":9,"column":8},"end":{"line":9,"column":14}},{"start":{"line":9,"column":18},"end":{"line":9,"column":27}}],"line":9},"2":{"loc":{"start":{"line":12,"column":17},"end":{"line":12,"column":78}},"type":"cond-expr","locations":[{"start":{"line":12,"column":26},"end":{"line":12,"column":49}},{"start":{"line":12,"column":52},"end":{"line":12,"column":78}}],"line":12},"3":{"loc":{"start":{"line":17,"column":4},"end":{"line":22,"column":5}},"type":"if","locations":[{"start":{"line":17,"column":4},"end":{"line":22,"column":5}},{"start":{},"end":{}}],"line":17},"4":{"loc":{"start":{"line":25,"column":4},"end":{"line":29,"column":5}},"type":"if","locations":[{"start":{"line":25,"column":4},"end":{"line":29,"column":5}},{"start":{},"end":{}}],"line":25}},"s":{"0":1,"1":1,"2":1,"3":4,"4":4,"5":4,"6":1,"7":3,"8":3,"9":1,"10":2,"11":2,"12":1,"13":1,"14":1,"15":0,"16":1},"f":{"0":4},"b":{"0":[1,3],"1":[4,3],"2":[1,0],"3":[1,2],"4":[1,1]},"_coverageSchema":"1a1c01bbd47fc00a2c39e90264f33305004495a9","hash":"8dd29480098cde2bd71b892a07005bc6ff576c27"}
,"D:\\Softwarica\\Sem-5\\Web API Development\\Final\\MusyncAPI\\controllers\\user_controller\\user_signup.js": {"path":"D:\\Softwarica\\Sem-5\\Web API Development\\Final\\MusyncAPI\\controllers\\user_controller\\user_signup.js","statementMap":{"0":{"start":{"line":1,"column":13},"end":{"line":1,"column":46}},"1":{"start":{"line":2,"column":17},"end":{"line":2,"column":36}},"2":{"start":{"line":5,"column":2},"end":{"line":64,"column":3}},"3":{"start":{"line":6,"column":65},"end":{"line":6,"column":73}},"4":{"start":{"line":7,"column":23},"end":{"line":7,"column":25}},"5":{"start":{"line":9,"column":4},"end":{"line":16,"column":5}},"6":{"start":{"line":10,"column":6},"end":{"line":10,"column":39}},"7":{"start":{"line":11,"column":6},"end":{"line":11,"column":50}},"8":{"start":{"line":11,"column":21},"end":{"line":11,"column":50}},"9":{"start":{"line":12,"column":6},"end":{"line":12,"column":44}},"10":{"start":{"line":12,"column":18},"end":{"line":12,"column":44}},"11":{"start":{"line":13,"column":6},"end":{"line":13,"column":50}},"12":{"start":{"line":13,"column":21},"end":{"line":13,"column":50}},"13":{"start":{"line":14,"column":6},"end":{"line":14,"column":65}},"14":{"start":{"line":14,"column":28},"end":{"line":14,"column":65}},"15":{"start":{"line":15,"column":6},"end":{"line":15,"column":53}},"16":{"start":{"line":18,"column":30},"end":{"line":18,"column":59}},"17":{"start":{"line":19,"column":29},"end":{"line":19,"column":61}},"18":{"start":{"line":21,"column":4},"end":{"line":27,"column":5}},"19":{"start":{"line":22,"column":6},"end":{"line":22,"column":63}},"20":{"start":{"line":23,"column":11},"end":{"line":27,"column":5}},"21":{"start":{"line":24,"column":6},"end":{"line":24,"column":60}},"22":{"start":{"line":25,"column":11},"end":{"line":27,"column":5}},"23":{"start":{"line":26,"column":6},"end":{"line":26,"column":47}},"24":{"start":{"line":29,"column":4},"end":{"line":31,"column":5}},"25":{"start":{"line":30,"column":6},"end":{"line":30,"column":77}},"26":{"start":{"line":33,"column":27},"end":{"line":33,"column":60}},"27":{"start":{"line":34,"column":4},"end":{"line":61,"column":5}},"28":{"start":{"line":35,"column":17},"end":{"line":41,"column":8}},"29":{"start":{"line":42,"column":6},"end":{"line":42,"column":31}},"30":{"start":{"line":43,"column":6},"end":{"line":47,"column":9}},"31":{"start":{"line":49,"column":17},"end":{"line":54,"column":8}},"32":{"start":{"line":55,"column":6},"end":{"line":55,"column":31}},"33":{"start":{"line":56,"column":6},"end":{"line":60,"column":9}},"34":{"start":{"line":63,"column":4},"end":{"line":63,"column":67}},"35":{"start":{"line":67,"column":0},"end":{"line":67,"column":24}}},"fnMap":{"0":{"name":"signup","decl":{"start":{"line":4,"column":15},"end":{"line":4,"column":21}},"loc":{"start":{"line":4,"column":32},"end":{"line":65,"column":1}},"line":4}},"branchMap":{"0":{"loc":{"start":{"line":9,"column":4},"end":{"line":16,"column":5}},"type":"if","locations":[{"start":{"line":9,"column":4},"end":{"line":16,"column":5}},{"start":{},"end":{}}],"line":9},"1":{"loc":{"start":{"line":9,"column":8},"end":{"line":9,"column":60}},"type":"binary-expr","locations":[{"start":{"line":9,"column":8},"end":{"line":9,"column":17}},{"start":{"line":9,"column":21},"end":{"line":9,"column":27}},{"start":{"line":9,"column":31},"end":{"line":9,"column":40}},{"start":{"line":9,"column":44},"end":{"line":9,"column":60}}],"line":9},"2":{"loc":{"start":{"line":11,"column":6},"end":{"line":11,"column":50}},"type":"if","locations":[{"start":{"line":11,"column":6},"end":{"line":11,"column":50}},{"start":{},"end":{}}],"line":11},"3":{"loc":{"start":{"line":12,"column":6},"end":{"line":12,"column":44}},"type":"if","locations":[{"start":{"line":12,"column":6},"end":{"line":12,"column":44}},{"start":{},"end":{}}],"line":12},"4":{"loc":{"start":{"line":13,"column":6},"end":{"line":13,"column":50}},"type":"if","locations":[{"start":{"line":13,"column":6},"end":{"line":13,"column":50}},{"start":{},"end":{}}],"line":13},"5":{"loc":{"start":{"line":14,"column":6},"end":{"line":14,"column":65}},"type":"if","locations":[{"start":{"line":14,"column":6},"end":{"line":14,"column":65}},{"start":{},"end":{}}],"line":14},"6":{"loc":{"start":{"line":21,"column":4},"end":{"line":27,"column":5}},"type":"if","locations":[{"start":{"line":21,"column":4},"end":{"line":27,"column":5}},{"start":{"line":23,"column":11},"end":{"line":27,"column":5}}],"line":21},"7":{"loc":{"start":{"line":23,"column":11},"end":{"line":27,"column":5}},"type":"if","locations":[{"start":{"line":23,"column":11},"end":{"line":27,"column":5}},{"start":{"line":25,"column":11},"end":{"line":27,"column":5}}],"line":23},"8":{"loc":{"start":{"line":25,"column":11},"end":{"line":27,"column":5}},"type":"if","locations":[{"start":{"line":25,"column":11},"end":{"line":27,"column":5}},{"start":{},"end":{}}],"line":25},"9":{"loc":{"start":{"line":29,"column":4},"end":{"line":31,"column":5}},"type":"if","locations":[{"start":{"line":29,"column":4},"end":{"line":31,"column":5}},{"start":{},"end":{}}],"line":29},"10":{"loc":{"start":{"line":34,"column":4},"end":{"line":61,"column":5}},"type":"if","locations":[{"start":{"line":34,"column":4},"end":{"line":61,"column":5}},{"start":{"line":48,"column":11},"end":{"line":61,"column":5}}],"line":34}},"s":{"0":1,"1":1,"2":4,"3":4,"4":4,"5":4,"6":1,"7":1,"8":1,"9":1,"10":1,"11":1,"12":1,"13":1,"14":1,"15":1,"16":4,"17":4,"18":4,"19":0,"20":4,"21":0,"22":4,"23":1,"24":4,"25":2,"26":2,"27":2,"28":0,"29":0,"30":0,"31":2,"32":2,"33":1,"34":1,"35":1},"f":{"0":4},"b":{"0":[1,3],"1":[4,3,3,3],"2":[1,0],"3":[1,0],"4":[1,0],"5":[1,0],"6":[0,4],"7":[0,4],"8":[1,3],"9":[2,2],"10":[0,2]},"_coverageSchema":"1a1c01bbd47fc00a2c39e90264f33305004495a9","hash":"5914287301bac9d9c27f52174d20003f64ae7b17"}
,"D:\\Softwarica\\Sem-5\\Web API Development\\Final\\MusyncAPI\\controllers\\user_controller\\user_token_login.js": {"path":"D:\\Softwarica\\Sem-5\\Web API Development\\Final\\MusyncAPI\\controllers\\user_controller\\user_token_login.js","statementMap":{"0":{"start":{"line":1,"column":13},"end":{"line":1,"column":46}},"1":{"start":{"line":4,"column":2},"end":{"line":26,"column":3}},"2":{"start":{"line":5,"column":17},"end":{"line":5,"column":72}},"3":{"start":{"line":6,"column":4},"end":{"line":20,"column":5}},"4":{"start":{"line":7,"column":6},"end":{"line":10,"column":9}},"5":{"start":{"line":12,"column":6},"end":{"line":19,"column":9}},"6":{"start":{"line":22,"column":4},"end":{"line":25,"column":7}},"7":{"start":{"line":29,"column":0},"end":{"line":29,"column":32}}},"fnMap":{"0":{"name":"loginWithToken","decl":{"start":{"line":3,"column":15},"end":{"line":3,"column":29}},"loc":{"start":{"line":3,"column":40},"end":{"line":27,"column":1}},"line":3}},"branchMap":{"0":{"loc":{"start":{"line":6,"column":4},"end":{"line":20,"column":5}},"type":"if","locations":[{"start":{"line":6,"column":4},"end":{"line":20,"column":5}},{"start":{"line":11,"column":11},"end":{"line":20,"column":5}}],"line":6}},"s":{"0":1,"1":0,"2":0,"3":0,"4":0,"5":0,"6":0,"7":1},"f":{"0":0},"b":{"0":[0,0]},"_coverageSchema":"1a1c01bbd47fc00a2c39e90264f33305004495a9","hash":"fc6eeeec2d782133591f387b991ef4dbfdc41e91"}
,"D:\\Softwarica\\Sem-5\\Web API Development\\Final\\MusyncAPI\\middlewares\\verify_token.js": {"path":"D:\\Softwarica\\Sem-5\\Web API Development\\Final\\MusyncAPI\\middlewares\\verify_token.js","statementMap":{"0":{"start":{"line":1,"column":12},"end":{"line":1,"column":35}},"1":{"start":{"line":5,"column":2},"end":{"line":21,"column":3}},"2":{"start":{"line":7,"column":18},"end":{"line":7,"column":57}},"3":{"start":{"line":9,"column":4},"end":{"line":14,"column":5}},"4":{"start":{"line":11,"column":6},"end":{"line":13,"column":80}},"5":{"start":{"line":15,"column":18},"end":{"line":15,"column":59}},"6":{"start":{"line":16,"column":4},"end":{"line":16,"column":30}},"7":{"start":{"line":17,"column":4},"end":{"line":17,"column":29}},"8":{"start":{"line":18,"column":4},"end":{"line":18,"column":11}},"9":{"start":{"line":20,"column":4},"end":{"line":20,"column":77}},"10":{"start":{"line":25,"column":2},"end":{"line":42,"column":3}},"11":{"start":{"line":26,"column":22},"end":{"line":26,"column":43}},"12":{"start":{"line":27,"column":4},"end":{"line":32,"column":5}},"13":{"start":{"line":29,"column":6},"end":{"line":31,"column":80}},"14":{"start":{"line":33,"column":4},"end":{"line":38,"column":5}},"15":{"start":{"line":34,"column":6},"end":{"line":34,"column":53}},"16":{"start":{"line":35,"column":6},"end":{"line":37,"column":76}},"17":{"start":{"line":39,"column":4},"end":{"line":39,"column":11}},"18":{"start":{"line":41,"column":4},"end":{"line":41,"column":77}},"19":{"start":{"line":45,"column":0},"end":{"line":45,"column":32}},"20":{"start":{"line":46,"column":0},"end":{"line":46,"column":36}}},"fnMap":{"0":{"name":"verifyUser","decl":{"start":{"line":4,"column":9},"end":{"line":4,"column":19}},"loc":{"start":{"line":4,"column":36},"end":{"line":22,"column":1}},"line":4},"1":{"name":"verifyAPIReq","decl":{"start":{"line":24,"column":9},"end":{"line":24,"column":21}},"loc":{"start":{"line":24,"column":38},"end":{"line":43,"column":1}},"line":24}},"branchMap":{"0":{"loc":{"start":{"line":9,"column":4},"end":{"line":14,"column":5}},"type":"if","locations":[{"start":{"line":9,"column":4},"end":{"line":14,"column":5}},{"start":{},"end":{}}],"line":9},"1":{"loc":{"start":{"line":27,"column":4},"end":{"line":32,"column":5}},"type":"if","locations":[{"start":{"line":27,"column":4},"end":{"line":32,"column":5}},{"start":{},"end":{}}],"line":27},"2":{"loc":{"start":{"line":33,"column":4},"end":{"line":38,"column":5}},"type":"if","locations":[{"start":{"line":33,"column":4},"end":{"line":38,"column":5}},{"start":{},"end":{}}],"line":33}},"s":{"0":1,"1":0,"2":0,"3":0,"4":0,"5":0,"6":0,"7":0,"8":0,"9":0,"10":8,"11":8,"12":8,"13":0,"14":8,"15":0,"16":0,"17":8,"18":0,"19":1,"20":1},"f":{"0":0,"1":8},"b":{"0":[0,0],"1":[0,8],"2":[0,8]},"_coverageSchema":"1a1c01bbd47fc00a2c39e90264f33305004495a9","hash":"a706c4dcffa751d6884791f5c9c2ad4cf8fd28fd"}
,"D:\\Softwarica\\Sem-5\\Web API Development\\Final\\MusyncAPI\\models\\songModel.js": {"path":"D:\\Softwarica\\Sem-5\\Web API Development\\Final\\MusyncAPI\\models\\songModel.js","statementMap":{"0":{"start":{"line":1,"column":17},"end":{"line":1,"column":36}},"1":{"start":{"line":3,"column":19},"end":{"line":33,"column":2}},"2":{"start":{"line":35,"column":13},"end":{"line":35,"column":48}},"3":{"start":{"line":37,"column":0},"end":{"line":37,"column":22}}},"fnMap":{},"branchMap":{},"s":{"0":1,"1":1,"2":1,"3":1},"f":{},"b":{},"_coverageSchema":"1a1c01bbd47fc00a2c39e90264f33305004495a9","hash":"71252cca3677b69087a514f5efc8d29ed85a11cf"}
,"D:\\Softwarica\\Sem-5\\Web API Development\\Final\\MusyncAPI\\models\\userModel.js": {"path":"D:\\Softwarica\\Sem-5\\Web API Development\\Final\\MusyncAPI\\models\\userModel.js","statementMap":{"0":{"start":{"line":1,"column":17},"end":{"line":1,"column":36}},"1":{"start":{"line":3,"column":19},"end":{"line":55,"column":2}},"2":{"start":{"line":9,"column":19},"end":{"line":9,"column":33}},"3":{"start":{"line":10,"column":8},"end":{"line":10,"column":31}},"4":{"start":{"line":22,"column":10},"end":{"line":22,"column":128}},"5":{"start":{"line":23,"column":8},"end":{"line":23,"column":31}},"6":{"start":{"line":35,"column":10},"end":{"line":35,"column":77}},"7":{"start":{"line":36,"column":8},"end":{"line":36,"column":31}},"8":{"start":{"line":57,"column":13},"end":{"line":57,"column":48}},"9":{"start":{"line":59,"column":0},"end":{"line":59,"column":22}}},"fnMap":{"0":{"name":"(anonymous_0)","decl":{"start":{"line":8,"column":17},"end":{"line":8,"column":18}},"loc":{"start":{"line":8,"column":28},"end":{"line":11,"column":7}},"line":8},"1":{"name":"(anonymous_1)","decl":{"start":{"line":20,"column":17},"end":{"line":20,"column":18}},"loc":{"start":{"line":20,"column":28},"end":{"line":24,"column":7}},"line":20},"2":{"name":"(anonymous_2)","decl":{"start":{"line":33,"column":17},"end":{"line":33,"column":18}},"loc":{"start":{"line":33,"column":28},"end":{"line":37,"column":7}},"line":33}},"branchMap":{},"s":{"0":1,"1":1,"2":2,"3":2,"4":2,"5":2,"6":2,"7":2,"8":1,"9":1},"f":{"0":2,"1":2,"2":2},"b":{},"_coverageSchema":"1a1c01bbd47fc00a2c39e90264f33305004495a9","hash":"7dd8ab1a8b1d2fdc5427bd484fa0eb2d2ba1ec39"}
,"D:\\Softwarica\\Sem-5\\Web API Development\\Final\\MusyncAPI\\routes\\musicRoutes.js": {"path":"D:\\Softwarica\\Sem-5\\Web API Development\\Final\\MusyncAPI\\routes\\musicRoutes.js","statementMap":{"0":{"start":{"line":1,"column":16},"end":{"line":1,"column":34}},"1":{"start":{"line":2,"column":24},"end":{"line":2,"column":74}},"2":{"start":{"line":3,"column":23},"end":{"line":3,"column":61}},"3":{"start":{"line":5,"column":20},"end":{"line":5,"column":36}},"4":{"start":{"line":7,"column":0},"end":{"line":9,"column":52}},"5":{"start":{"line":12,"column":0},"end":{"line":12,"column":80}},"6":{"start":{"line":14,"column":0},"end":{"line":14,"column":79}},"7":{"start":{"line":17,"column":0},"end":{"line":19,"column":58}},"8":{"start":{"line":21,"column":0},"end":{"line":23,"column":50}},"9":{"start":{"line":24,"column":0},"end":{"line":26,"column":52}},"10":{"start":{"line":27,"column":0},"end":{"line":27,"column":78}},"11":{"start":{"line":30,"column":0},"end":{"line":32,"column":58}},"12":{"start":{"line":35,"column":0},"end":{"line":35,"column":76}},"13":{"start":{"line":36,"column":0},"end":{"line":38,"column":49}},"14":{"start":{"line":39,"column":0},"end":{"line":41,"column":57}},"15":{"start":{"line":44,"column":0},"end":{"line":46,"column":51}},"16":{"start":{"line":47,"column":0},"end":{"line":49,"column":51}},"17":{"start":{"line":50,"column":0},"end":{"line":52,"column":49}},"18":{"start":{"line":54,"column":0},"end":{"line":54,"column":29}}},"fnMap":{},"branchMap":{},"s":{"0":1,"1":1,"2":1,"3":1,"4":1,"5":1,"6":1,"7":1,"8":1,"9":1,"10":1,"11":1,"12":1,"13":1,"14":1,"15":1,"16":1,"17":1,"18":1},"f":{},"b":{},"_coverageSchema":"1a1c01bbd47fc00a2c39e90264f33305004495a9","hash":"3b235b1ea344f911aea1778a91ef6104a075bf82"}
,"D:\\Softwarica\\Sem-5\\Web API Development\\Final\\MusyncAPI\\routes\\userRoute.js": {"path":"D:\\Softwarica\\Sem-5\\Web API Development\\Final\\MusyncAPI\\routes\\userRoute.js","statementMap":{"0":{"start":{"line":1,"column":16},"end":{"line":1,"column":34}},"1":{"start":{"line":2,"column":24},"end":{"line":2,"column":73}},"2":{"start":{"line":3,"column":23},"end":{"line":3,"column":61}},"3":{"start":{"line":5,"column":19},"end":{"line":5,"column":35}},"4":{"start":{"line":7,"column":0},"end":{"line":7,"column":64}},"5":{"start":{"line":8,"column":0},"end":{"line":8,"column":60}},"6":{"start":{"line":9,"column":0},"end":{"line":11,"column":53}},"7":{"start":{"line":13,"column":0},"end":{"line":13,"column":28}}},"fnMap":{},"branchMap":{},"s":{"0":1,"1":1,"2":1,"3":1,"4":1,"5":1,"6":1,"7":1},"f":{},"b":{},"_coverageSchema":"1a1c01bbd47fc00a2c39e90264f33305004495a9","hash":"7ed00052b1e146ea1783cdde9dd24f3d8fe529ba"}
}
