TN:
SF:app.js
FN:27,(anonymous_0)
FN:28,(anonymous_1)
FNF:2
FNH:1
FNDA:6,(anonymous_0)
FNDA:0,(anonymous_1)
DA:1,6
DA:2,6
DA:3,6
DA:4,6
DA:5,6
DA:6,6
DA:8,6
DA:10,6
DA:11,6
DA:12,6
DA:14,6
DA:15,6
DA:18,6
DA:22,6
DA:27,6
DA:28,0
DA:30,6
DA:32,6
DA:33,6
DA:36,6
DA:37,0
DA:39,6
DA:42,6
DA:43,6
LF:24
LH:22
BRDA:18,0,0,6
BRDA:18,0,1,0
BRDA:36,1,0,0
BRDA:36,1,1,6
BRF:4
BRH:2
end_of_record
TN:
SF:socket.js
FNF:0
FNH:0
DA:1,6
DA:8,6
LF:2
LH:2
BRF:0
BRH:0
end_of_record
TN:
SF:controllers\music_controller_exports.js
FNF:0
FNH:0
DA:1,6
DA:2,6
DA:3,6
DA:4,6
DA:5,6
DA:6,6
DA:7,6
DA:8,6
DA:9,6
DA:10,6
DA:11,6
DA:12,6
DA:13,6
DA:14,6
DA:15,6
DA:16,6
DA:18,6
LF:17
LH:17
BRF:0
BRH:0
end_of_record
TN:
SF:controllers\user_controller_exports.js
FNF:0
FNH:0
DA:1,6
DA:2,6
DA:3,6
DA:5,6
DA:11,6
LF:5
LH:5
BRF:0
BRH:0
end_of_record
TN:
SF:controllers\muisc_controller\add_albums.js
FN:1,addAlbums
FNF:1
FNH:0
FNDA:0,addAlbums
DA:3,6
LF:1
LH:1
BRF:0
BRH:0
end_of_record
TN:
SF:controllers\muisc_controller\add_all_songs.js
FN:7,addAllSongs
FN:9,(anonymous_1)
FNF:2
FNH:0
FNDA:0,addAllSongs
FNDA:0,(anonymous_1)
DA:1,6
DA:2,6
DA:3,6
DA:4,6
DA:5,6
DA:8,0
DA:9,0
DA:10,0
DA:11,0
DA:12,0
DA:18,0
DA:19,0
DA:20,0
DA:22,0
DA:23,0
DA:28,0
DA:29,0
DA:34,0
DA:35,0
DA:41,0
DA:42,0
DA:48,0
DA:49,0
DA:51,0
DA:52,0
DA:54,0
DA:56,0
DA:57,0
DA:60,0
DA:65,0
DA:68,0
DA:69,0
DA:73,0
DA:75,0
DA:76,0
DA:77,0
DA:79,0
DA:111,0
DA:112,0
DA:116,0
DA:117,0
DA:118,0
DA:125,0
DA:126,0
DA:131,0
DA:134,0
DA:139,0
DA:140,0
DA:148,6
LF:49
LH:6
BRDA:10,0,0,0
BRDA:10,0,1,0
BRDA:22,1,0,0
BRDA:22,1,1,0
BRDA:28,2,0,0
BRDA:28,2,1,0
BRDA:34,3,0,0
BRDA:34,3,1,0
BRDA:56,4,0,0
BRDA:56,4,1,0
BRDA:68,5,0,0
BRDA:68,5,1,0
BRDA:125,6,0,0
BRDA:125,6,1,0
BRF:14
BRH:0
end_of_record
TN:
SF:controllers\muisc_controller\add_folders.js
FN:1,addFolders
FNF:1
FNH:0
FNDA:0,addFolders
DA:3,6
LF:1
LH:1
BRF:0
BRH:0
end_of_record
TN:
SF:controllers\muisc_controller\add_to_playlist.js
FN:1,addToPlaylist
FNF:1
FNH:0
FNDA:0,addToPlaylist
DA:3,6
LF:1
LH:1
BRF:0
BRH:0
end_of_record
TN:
SF:controllers\muisc_controller\create_playlist.js
FN:1,createPlaylist
FNF:1
FNH:0
FNDA:0,createPlaylist
DA:3,6
LF:1
LH:1
BRF:0
BRH:0
end_of_record
TN:
SF:controllers\muisc_controller\get_all_album_with_songs.js
FN:4,getAllAlbumWithSongs
FN:15,(anonymous_1)
FN:24,(anonymous_2)
FNF:3
FNH:3
FNDA:1,getAllAlbumWithSongs
FNDA:9,(anonymous_1)
FNDA:9,(anonymous_2)
DA:1,6
DA:2,6
DA:5,1
DA:7,1
DA:10,1
DA:15,1
DA:16,9
DA:17,0
DA:24,1
DA:25,9
DA:26,0
DA:28,9
DA:29,0
DA:31,9
DA:33,9
DA:36,1
DA:41,0
DA:48,6
LF:18
LH:14
BRDA:16,0,0,0
BRDA:16,0,1,9
BRDA:25,1,0,0
BRDA:25,1,1,9
BRDA:28,2,0,0
BRDA:28,2,1,9
BRF:6
BRH:3
end_of_record
TN:
SF:controllers\muisc_controller\get_all_albums.js
FN:4,getAllAlbums
FN:15,(anonymous_1)
FN:32,(anonymous_2)
FN:33,(anonymous_3)
FNF:4
FNH:4
FNDA:1,getAllAlbums
FNDA:9,(anonymous_1)
FNDA:9,(anonymous_2)
FNDA:36,(anonymous_3)
DA:1,6
DA:2,6
DA:5,1
DA:7,1
DA:10,1
DA:15,1
DA:16,9
DA:17,0
DA:31,1
DA:32,1
DA:33,36
DA:34,9
DA:35,9
DA:43,0
DA:47,1
DA:52,0
DA:59,6
LF:17
LH:14
BRDA:16,0,0,0
BRDA:16,0,1,9
BRDA:34,1,0,9
BRDA:34,1,1,0
BRF:4
BRH:2
end_of_record
TN:
SF:controllers\muisc_controller\get_all_artist_with_songs.js
FN:4,getAllArtistWithSongs
FN:15,(anonymous_1)
FN:23,(anonymous_2)
FNF:3
FNH:3
FNDA:1,getAllArtistWithSongs
FNDA:9,(anonymous_1)
FNDA:9,(anonymous_2)
DA:1,6
DA:2,6
DA:5,1
DA:7,1
DA:10,1
DA:15,1
DA:16,9
DA:17,0
DA:22,1
DA:23,1
DA:24,9
DA:25,9
DA:26,0
DA:28,9
DA:32,1
DA:37,0
DA:44,6
LF:17
LH:14
BRDA:16,0,0,0
BRDA:16,0,1,9
BRDA:25,1,0,0
BRDA:25,1,1,9
BRF:4
BRH:2
end_of_record
TN:
SF:controllers\muisc_controller\get_all_folder_with_songs.js
FN:7,getAllFolderWithSongs
FN:18,(anonymous_1)
FN:26,(anonymous_2)
FNF:3
FNH:3
FNDA:1,getAllFolderWithSongs
FNDA:9,(anonymous_1)
FNDA:9,(anonymous_2)
DA:1,6
DA:2,6
DA:3,6
DA:4,6
DA:5,6
DA:8,1
DA:10,1
DA:13,1
DA:18,1
DA:19,9
DA:20,0
DA:25,1
DA:26,1
DA:27,9
DA:28,9
DA:29,8
DA:31,1
DA:35,1
DA:40,0
DA:47,6
LF:20
LH:18
BRDA:19,0,0,0
BRDA:19,0,1,9
BRDA:28,1,0,8
BRDA:28,1,1,1
BRF:4
BRH:3
end_of_record
TN:
SF:controllers\muisc_controller\get_all_folders.js
FN:5,getAllFolders
FN:16,(anonymous_1)
FN:24,(anonymous_2)
FNF:3
FNH:3
FNDA:1,getAllFolders
FNDA:9,(anonymous_1)
FNDA:9,(anonymous_2)
DA:1,6
DA:2,6
DA:3,6
DA:6,1
DA:8,1
DA:11,1
DA:16,1
DA:17,9
DA:18,0
DA:23,1
DA:24,1
DA:25,9
DA:26,9
DA:27,1
DA:31,1
DA:36,0
DA:43,6
LF:17
LH:15
BRDA:17,0,0,0
BRDA:17,0,1,9
BRDA:26,1,0,1
BRDA:26,1,1,8
BRF:4
BRH:3
end_of_record
TN:
SF:controllers\muisc_controller\get_all_public_songs.js
FN:3,getAllPublicSongs
FN:8,(anonymous_1)
FN:11,(anonymous_2)
FNF:3
FNH:3
FNDA:1,getAllPublicSongs
FNDA:8,(anonymous_1)
FNDA:36,(anonymous_2)
DA:1,6
DA:4,1
DA:5,1
DA:7,1
DA:9,8
DA:11,36
DA:15,1
DA:20,0
DA:28,6
LF:9
LH:8
BRDA:11,0,0,36
BRDA:11,0,1,36
BRF:2
BRH:2
end_of_record
TN:
SF:controllers\muisc_controller\get_all_songs.js
FN:6,getAllSongs
FNF:1
FNH:1
FNDA:3,getAllSongs
DA:1,6
DA:2,6
DA:3,6
DA:4,6
DA:7,3
DA:8,3
DA:9,3
DA:11,3
DA:12,1
DA:14,1
DA:15,1
DA:16,9
DA:18,9
DA:19,9
DA:22,0
DA:23,0
DA:24,0
DA:26,0
DA:30,1
DA:36,1
DA:43,1
DA:51,6
LF:22
LH:18
BRDA:11,0,0,1
BRDA:11,0,1,1
BRDA:18,1,0,9
BRDA:18,1,1,0
BRDA:22,2,0,0
BRDA:22,2,1,0
BRF:6
BRH:3
end_of_record
TN:
SF:controllers\muisc_controller\get_folder_songs.js
FN:5,getFolderSongs
FN:26,(anonymous_1)
FN:33,(anonymous_2)
FNF:3
FNH:3
FNDA:1,getFolderSongs
FNDA:9,(anonymous_1)
FNDA:9,(anonymous_2)
DA:1,6
DA:2,6
DA:3,6
DA:6,1
DA:8,1
DA:11,1
DA:13,1
DA:14,0
DA:21,1
DA:26,1
DA:27,9
DA:28,0
DA:33,1
DA:34,9
DA:35,9
DA:38,1
DA:43,0
DA:50,6
LF:18
LH:15
BRDA:13,0,0,0
BRDA:13,0,1,1
BRDA:27,1,0,0
BRDA:27,1,1,9
BRF:4
BRH:2
end_of_record
TN:
SF:controllers\muisc_controller\get_playlists.js
FN:1,getPlaylists
FNF:1
FNH:0
FNDA:0,getPlaylists
DA:3,6
LF:1
LH:1
BRF:0
BRH:0
end_of_record
TN:
SF:controllers\muisc_controller\toggle_public.js
FN:3,makePublic
FNF:1
FNH:1
FNDA:2,makePublic
DA:1,6
DA:4,2
DA:6,2
DA:7,2
DA:10,2
DA:13,1
DA:14,0
DA:20,1
DA:22,1
DA:24,1
DA:31,1
DA:32,1
DA:39,6
LF:13
LH:12
BRDA:13,0,0,0
BRDA:13,0,1,1
BRDA:26,1,0,0
BRDA:26,1,1,1
BRF:4
BRH:2
end_of_record
TN:
SF:controllers\muisc_controller\common\find_song.js
FN:5,findMP3Files
FN:8,traverseDirectory
FNF:2
FNH:2
FNDA:1,findMP3Files
FNDA:6,traverseDirectory
DA:1,6
DA:2,6
DA:3,6
DA:6,1
DA:10,6
DA:11,6
DA:13,6
DA:14,25
DA:15,25
DA:17,25
DA:18,5
DA:19,20
DA:20,9
DA:25,9
DA:26,9
DA:29,0
DA:30,0
DA:36,6
DA:37,6
DA:38,54
DA:39,0
DA:43,0
DA:47,1
DA:50,1
DA:53,6
LF:25
LH:21
BRDA:10,0,0,6
BRDA:10,0,1,0
BRDA:17,1,0,5
BRDA:17,1,1,20
BRDA:19,2,0,9
BRDA:19,2,1,11
BRDA:25,3,0,9
BRDA:25,3,1,0
BRDA:25,4,0,9
BRDA:25,4,1,9
BRDA:29,5,0,0
BRDA:29,5,1,0
BRDA:38,6,0,0
BRDA:38,6,1,54
BRF:14
BRH:9
end_of_record
TN:
SF:controllers\muisc_controller\common\upload_album_art.js
FN:6,uploadAlbumArt
FN:8,(anonymous_1)
FNF:2
FNH:2
FNDA:4,uploadAlbumArt
FNDA:4,(anonymous_1)
DA:1,6
DA:2,6
DA:3,6
DA:4,6
DA:7,4
DA:8,4
DA:9,4
DA:10,0
DA:11,0
DA:17,4
DA:18,4
DA:19,4
DA:21,4
DA:22,1
DA:27,3
DA:28,1
DA:33,2
DA:34,1
DA:40,1
DA:41,1
DA:47,1
DA:48,1
DA:50,1
DA:51,1
DA:53,1
DA:55,1
DA:56,0
DA:59,1
DA:65,1
DA:66,0
DA:71,1
DA:73,1
DA:79,0
DA:80,0
DA:88,6
LF:35
LH:29
BRDA:9,0,0,0
BRDA:9,0,1,4
BRDA:21,1,0,1
BRDA:21,1,1,3
BRDA:27,2,0,1
BRDA:27,2,1,2
BRDA:33,3,0,1
BRDA:33,3,1,1
BRDA:55,4,0,0
BRDA:55,4,1,1
BRDA:65,5,0,0
BRDA:65,5,1,1
BRF:12
BRH:9
end_of_record
TN:
SF:controllers\user_controller\user_login.js
FN:5,login
FNF:1
FNH:1
FNDA:11,login
DA:1,6
DA:2,6
DA:3,6
DA:6,11
DA:7,11
DA:9,11
DA:10,1
DA:16,10
DA:17,10
DA:18,1
DA:24,9
DA:25,9
DA:26,1
DA:31,8
DA:45,8
DA:51,0
DA:58,6
LF:17
LH:16
BRDA:9,0,0,1
BRDA:9,0,1,10
BRDA:9,1,0,11
BRDA:9,1,1,10
BRDA:12,2,0,1
BRDA:12,2,1,0
BRDA:17,3,0,1
BRDA:17,3,1,9
BRDA:25,4,0,1
BRDA:25,4,1,8
BRF:10
BRH:9
end_of_record
TN:
SF:controllers\user_controller\user_signup.js
FN:4,signup
FNF:1
FNH:1
FNDA:8,signup
DA:1,6
DA:2,6
DA:5,8
DA:6,8
DA:7,8
DA:9,8
DA:10,1
DA:11,1
DA:12,1
DA:13,1
DA:14,1
DA:15,1
DA:18,8
DA:19,8
DA:21,8
DA:22,1
DA:23,7
DA:24,1
DA:25,6
DA:26,1
DA:29,8
DA:30,4
DA:33,4
DA:34,4
DA:35,2
DA:42,2
DA:43,2
DA:49,2
DA:55,2
DA:56,1
DA:63,1
DA:67,6
LF:32
LH:32
BRDA:9,0,0,1
BRDA:9,0,1,7
BRDA:9,1,0,8
BRDA:9,1,1,7
BRDA:9,1,2,7
BRDA:9,1,3,7
BRDA:11,2,0,1
BRDA:11,2,1,0
BRDA:12,3,0,1
BRDA:12,3,1,0
BRDA:13,4,0,1
BRDA:13,4,1,0
BRDA:14,5,0,1
BRDA:14,5,1,0
BRDA:21,6,0,1
BRDA:21,6,1,7
BRDA:23,7,0,1
BRDA:23,7,1,6
BRDA:25,8,0,1
BRDA:25,8,1,5
BRDA:29,9,0,4
BRDA:29,9,1,4
BRDA:34,10,0,2
BRDA:34,10,1,2
BRF:24
BRH:20
end_of_record
TN:
SF:controllers\user_controller\user_token_login.js
FN:3,loginWithToken
FNF:1
FNH:1
FNDA:1,loginWithToken
DA:1,6
DA:4,1
DA:5,1
DA:6,1
DA:7,0
DA:12,1
DA:22,0
DA:29,6
LF:8
LH:6
BRDA:6,0,0,0
BRDA:6,0,1,1
BRF:2
BRH:1
end_of_record
TN:
SF:middlewares\verify_token.js
FN:4,verifyUser
FN:24,verifyAPIReq
FNF:2
FNH:2
FNDA:18,verifyUser
FNDA:39,verifyAPIReq
DA:1,6
DA:5,18
DA:7,18
DA:9,17
DA:11,0
DA:15,17
DA:16,16
DA:17,16
DA:18,16
DA:20,2
DA:25,39
DA:26,39
DA:27,39
DA:29,1
DA:33,38
DA:34,0
DA:35,0
DA:39,38
DA:41,0
DA:45,6
DA:46,6
LF:21
LH:17
BRDA:9,0,0,0
BRDA:9,0,1,17
BRDA:27,1,0,1
BRDA:27,1,1,38
BRDA:33,2,0,0
BRDA:33,2,1,38
BRF:6
BRH:4
end_of_record
TN:
SF:models\songModel.js
FNF:0
FNH:0
DA:1,6
DA:3,6
DA:36,6
DA:38,6
LF:4
LH:4
BRF:0
BRH:0
end_of_record
TN:
SF:models\userModel.js
FN:8,(anonymous_0)
FN:20,(anonymous_1)
FN:33,(anonymous_2)
FNF:3
FNH:3
FNDA:4,(anonymous_0)
FNDA:4,(anonymous_1)
FNDA:4,(anonymous_2)
DA:1,6
DA:3,6
DA:9,4
DA:10,4
DA:22,4
DA:23,4
DA:35,4
DA:36,4
DA:57,6
DA:59,6
LF:10
LH:10
BRF:0
BRH:0
end_of_record
TN:
SF:routes\musicRoutes.js
FN:63,(anonymous_0)
FN:77,(anonymous_1)
FN:90,(anonymous_2)
FN:94,(anonymous_3)
FNF:4
FNH:0
FNDA:0,(anonymous_0)
FNDA:0,(anonymous_1)
FNDA:0,(anonymous_2)
FNDA:0,(anonymous_3)
DA:1,6
DA:2,6
DA:3,6
DA:4,6
DA:6,6
DA:8,6
DA:13,6
DA:15,6
DA:17,6
DA:20,6
DA:24,6
DA:27,6
DA:30,6
DA:33,6
DA:38,6
DA:39,6
DA:42,6
DA:47,6
DA:50,6
DA:53,6
DA:57,6
DA:61,6
DA:63,6
DA:64,0
DA:65,0
DA:68,0
DA:71,0
DA:72,0
DA:74,0
DA:77,0
DA:79,0
DA:80,0
DA:81,0
DA:85,0
DA:90,0
DA:92,0
DA:93,0
DA:94,0
DA:96,0
DA:97,0
DA:103,6
LF:41
LH:24
BRDA:71,0,0,0
BRDA:71,0,1,0
BRDA:81,1,0,0
BRDA:81,1,1,0
BRDA:82,2,0,0
BRDA:82,2,1,0
BRDA:92,3,0,0
BRDA:92,3,1,0
BRDA:96,4,0,0
BRDA:96,4,1,0
BRF:10
BRH:0
end_of_record
TN:
SF:routes\userRoute.js
FNF:0
FNH:0
DA:1,6
DA:2,6
DA:3,6
DA:5,6
DA:7,6
DA:8,6
DA:9,6
DA:13,6
LF:8
LH:8
BRF:0
BRH:0
end_of_record
