TN:
SF:app.js
FN:24,(anonymous_0)
FN:25,(anonymous_1)
FNF:2
FNH:1
FNDA:1,(anonymous_0)
FNDA:0,(anonymous_1)
DA:1,1
DA:2,1
DA:3,1
DA:4,1
DA:5,1
DA:6,1
DA:8,1
DA:9,1
DA:10,1
DA:12,1
DA:15,1
DA:19,1
DA:24,1
DA:25,0
DA:27,1
DA:29,1
DA:30,1
DA:33,1
DA:34,0
DA:36,1
DA:39,1
DA:40,1
LF:22
LH:20
BRDA:15,0,0,1
BRDA:15,0,1,0
BRDA:33,1,0,0
BRDA:33,1,1,1
BRF:4
BRH:2
end_of_record
TN:
SF:controllers\music_controller_exports.js
FNF:0
FNH:0
DA:1,1
DA:2,1
DA:3,1
DA:4,1
DA:5,1
DA:6,1
DA:7,1
DA:8,1
DA:9,1
DA:10,1
DA:11,1
DA:12,1
DA:13,1
DA:14,1
DA:16,1
LF:15
LH:15
BRF:0
BRH:0
end_of_record
TN:
SF:controllers\user_controller_exports.js
FNF:0
FNH:0
DA:1,1
DA:2,1
DA:3,1
DA:5,1
DA:11,1
LF:5
LH:5
BRF:0
BRH:0
end_of_record
TN:
SF:controllers\muisc_controller\add_albums.js
FN:1,addAlbums
FNF:1
FNH:0
FNDA:0,addAlbums
DA:3,1
LF:1
LH:1
BRF:0
BRH:0
end_of_record
TN:
SF:controllers\muisc_controller\add_all_songs.js
FN:7,addAllSongs
FN:9,(anonymous_1)
FNF:2
FNH:0
FNDA:0,addAllSongs
FNDA:0,(anonymous_1)
DA:1,1
DA:2,1
DA:3,1
DA:4,1
DA:5,1
DA:8,0
DA:9,0
DA:10,0
DA:11,0
DA:12,0
DA:18,0
DA:19,0
DA:20,0
DA:22,0
DA:23,0
DA:28,0
DA:29,0
DA:34,0
DA:35,0
DA:41,0
DA:42,0
DA:48,0
DA:49,0
DA:51,0
DA:52,0
DA:54,0
DA:56,0
DA:57,0
DA:60,0
DA:65,0
DA:68,0
DA:69,0
DA:73,0
DA:75,0
DA:76,0
DA:77,0
DA:79,0
DA:111,0
DA:112,0
DA:116,0
DA:117,0
DA:118,0
DA:125,0
DA:126,0
DA:131,0
DA:134,0
DA:139,0
DA:140,0
DA:148,1
LF:49
LH:6
BRDA:10,0,0,0
BRDA:10,0,1,0
BRDA:22,1,0,0
BRDA:22,1,1,0
BRDA:28,2,0,0
BRDA:28,2,1,0
BRDA:34,3,0,0
BRDA:34,3,1,0
BRDA:56,4,0,0
BRDA:56,4,1,0
BRDA:68,5,0,0
BRDA:68,5,1,0
BRDA:125,6,0,0
BRDA:125,6,1,0
BRF:14
BRH:0
end_of_record
TN:
SF:controllers\muisc_controller\add_folders.js
FN:1,addFolders
FNF:1
FNH:0
FNDA:0,addFolders
DA:3,1
LF:1
LH:1
BRF:0
BRH:0
end_of_record
TN:
SF:controllers\muisc_controller\add_to_playlist.js
FN:1,addToPlaylist
FNF:1
FNH:0
FNDA:0,addToPlaylist
DA:3,1
LF:1
LH:1
BRF:0
BRH:0
end_of_record
TN:
SF:controllers\muisc_controller\create_playlist.js
FN:1,createPlaylist
FNF:1
FNH:0
FNDA:0,createPlaylist
DA:3,1
LF:1
LH:1
BRF:0
BRH:0
end_of_record
TN:
SF:controllers\muisc_controller\get_all_album_with_songs.js
FN:4,getAllAlbumWithSongs
FN:15,(anonymous_1)
FN:24,(anonymous_2)
FNF:3
FNH:0
FNDA:0,getAllAlbumWithSongs
FNDA:0,(anonymous_1)
FNDA:0,(anonymous_2)
DA:1,1
DA:2,1
DA:5,0
DA:7,0
DA:10,0
DA:15,0
DA:16,0
DA:17,0
DA:24,0
DA:25,0
DA:26,0
DA:28,0
DA:29,0
DA:31,0
DA:33,0
DA:36,0
DA:41,0
DA:48,1
LF:18
LH:3
BRDA:16,0,0,0
BRDA:16,0,1,0
BRDA:25,1,0,0
BRDA:25,1,1,0
BRDA:28,2,0,0
BRDA:28,2,1,0
BRF:6
BRH:0
end_of_record
TN:
SF:controllers\muisc_controller\get_all_albums.js
FN:4,getAllAlbums
FN:15,(anonymous_1)
FN:32,(anonymous_2)
FN:33,(anonymous_3)
FNF:4
FNH:0
FNDA:0,getAllAlbums
FNDA:0,(anonymous_1)
FNDA:0,(anonymous_2)
FNDA:0,(anonymous_3)
DA:1,1
DA:2,1
DA:5,0
DA:7,0
DA:10,0
DA:15,0
DA:16,0
DA:17,0
DA:31,0
DA:32,0
DA:33,0
DA:34,0
DA:35,0
DA:43,0
DA:47,0
DA:52,0
DA:59,1
LF:17
LH:3
BRDA:16,0,0,0
BRDA:16,0,1,0
BRDA:34,1,0,0
BRDA:34,1,1,0
BRF:4
BRH:0
end_of_record
TN:
SF:controllers\muisc_controller\get_all_artist_with_songs.js
FN:4,getAllArtistWithSongs
FN:15,(anonymous_1)
FN:23,(anonymous_2)
FNF:3
FNH:0
FNDA:0,getAllArtistWithSongs
FNDA:0,(anonymous_1)
FNDA:0,(anonymous_2)
DA:1,1
DA:2,1
DA:5,0
DA:7,0
DA:10,0
DA:15,0
DA:16,0
DA:17,0
DA:22,0
DA:23,0
DA:24,0
DA:25,0
DA:26,0
DA:28,0
DA:32,0
DA:37,0
DA:44,1
LF:17
LH:3
BRDA:16,0,0,0
BRDA:16,0,1,0
BRDA:25,1,0,0
BRDA:25,1,1,0
BRF:4
BRH:0
end_of_record
TN:
SF:controllers\muisc_controller\get_all_folder_with_songs.js
FN:7,getAllFolderWithSongs
FN:18,(anonymous_1)
FN:26,(anonymous_2)
FNF:3
FNH:0
FNDA:0,getAllFolderWithSongs
FNDA:0,(anonymous_1)
FNDA:0,(anonymous_2)
DA:1,1
DA:2,1
DA:3,1
DA:4,1
DA:5,1
DA:8,0
DA:10,0
DA:13,0
DA:18,0
DA:19,0
DA:20,0
DA:25,0
DA:26,0
DA:27,0
DA:28,0
DA:29,0
DA:31,0
DA:35,0
DA:40,0
DA:47,1
LF:20
LH:6
BRDA:19,0,0,0
BRDA:19,0,1,0
BRDA:28,1,0,0
BRDA:28,1,1,0
BRF:4
BRH:0
end_of_record
TN:
SF:controllers\muisc_controller\get_all_folders.js
FN:5,getAllFolders
FN:16,(anonymous_1)
FN:24,(anonymous_2)
FNF:3
FNH:0
FNDA:0,getAllFolders
FNDA:0,(anonymous_1)
FNDA:0,(anonymous_2)
DA:1,1
DA:2,1
DA:3,1
DA:6,0
DA:8,0
DA:11,0
DA:16,0
DA:17,0
DA:18,0
DA:23,0
DA:24,0
DA:25,0
DA:26,0
DA:27,0
DA:31,0
DA:36,0
DA:43,1
LF:17
LH:4
BRDA:17,0,0,0
BRDA:17,0,1,0
BRDA:26,1,0,0
BRDA:26,1,1,0
BRF:4
BRH:0
end_of_record
TN:
SF:controllers\muisc_controller\get_all_songs.js
FN:6,getAllSongs
FNF:1
FNH:0
FNDA:0,getAllSongs
DA:1,1
DA:2,1
DA:3,1
DA:4,1
DA:7,0
DA:8,0
DA:9,0
DA:11,0
DA:12,0
DA:14,0
DA:16,0
DA:17,0
DA:19,0
DA:20,0
DA:23,0
DA:24,0
DA:25,0
DA:27,0
DA:31,0
DA:37,0
DA:44,0
DA:45,0
DA:53,1
LF:23
LH:5
BRDA:11,0,0,0
BRDA:11,0,1,0
BRDA:19,1,0,0
BRDA:19,1,1,0
BRDA:23,2,0,0
BRDA:23,2,1,0
BRF:6
BRH:0
end_of_record
TN:
SF:controllers\muisc_controller\get_folder_songs.js
FN:5,getFolderSongs
FN:26,(anonymous_1)
FN:33,(anonymous_2)
FNF:3
FNH:0
FNDA:0,getFolderSongs
FNDA:0,(anonymous_1)
FNDA:0,(anonymous_2)
DA:1,1
DA:2,1
DA:3,1
DA:6,0
DA:8,0
DA:11,0
DA:13,0
DA:14,0
DA:21,0
DA:26,0
DA:27,0
DA:28,0
DA:33,0
DA:34,0
DA:35,0
DA:38,0
DA:43,0
DA:50,1
LF:18
LH:4
BRDA:13,0,0,0
BRDA:13,0,1,0
BRDA:27,1,0,0
BRDA:27,1,1,0
BRF:4
BRH:0
end_of_record
TN:
SF:controllers\muisc_controller\get_playlists.js
FN:1,getPlaylists
FNF:1
FNH:0
FNDA:0,getPlaylists
DA:3,1
LF:1
LH:1
BRF:0
BRH:0
end_of_record
TN:
SF:controllers\muisc_controller\common\find_song.js
FN:5,findMP3Files
FN:8,traverseDirectory
FNF:2
FNH:0
FNDA:0,findMP3Files
FNDA:0,traverseDirectory
DA:1,1
DA:2,1
DA:3,1
DA:6,0
DA:10,0
DA:11,0
DA:13,0
DA:14,0
DA:15,0
DA:17,0
DA:18,0
DA:19,0
DA:20,0
DA:25,0
DA:26,0
DA:29,0
DA:30,0
DA:36,0
DA:37,0
DA:38,0
DA:39,0
DA:43,0
DA:47,0
DA:50,0
DA:53,1
LF:25
LH:4
BRDA:10,0,0,0
BRDA:10,0,1,0
BRDA:17,1,0,0
BRDA:17,1,1,0
BRDA:19,2,0,0
BRDA:19,2,1,0
BRDA:25,3,0,0
BRDA:25,3,1,0
BRDA:25,4,0,0
BRDA:25,4,1,0
BRDA:29,5,0,0
BRDA:29,5,1,0
BRDA:38,6,0,0
BRDA:38,6,1,0
BRF:14
BRH:0
end_of_record
TN:
SF:controllers\muisc_controller\common\upload_album_art.js
FN:6,uploadAlbumArt
FN:8,(anonymous_1)
FNF:2
FNH:0
FNDA:0,uploadAlbumArt
FNDA:0,(anonymous_1)
DA:1,1
DA:2,1
DA:3,1
DA:4,1
DA:7,0
DA:8,0
DA:9,0
DA:10,0
DA:11,0
DA:17,0
DA:18,0
DA:19,0
DA:21,0
DA:22,0
DA:27,0
DA:28,0
DA:33,0
DA:34,0
DA:40,0
DA:41,0
DA:47,0
DA:48,0
DA:50,0
DA:51,0
DA:53,0
DA:55,0
DA:56,0
DA:59,0
DA:65,0
DA:66,0
DA:71,0
DA:73,0
DA:79,0
DA:80,0
DA:88,1
LF:35
LH:5
BRDA:9,0,0,0
BRDA:9,0,1,0
BRDA:21,1,0,0
BRDA:21,1,1,0
BRDA:27,2,0,0
BRDA:27,2,1,0
BRDA:33,3,0,0
BRDA:33,3,1,0
BRDA:55,4,0,0
BRDA:55,4,1,0
BRDA:65,5,0,0
BRDA:65,5,1,0
BRF:12
BRH:0
end_of_record
TN:
SF:controllers\user_controller\user_login.js
FN:5,login
FNF:1
FNH:1
FNDA:4,login
DA:1,1
DA:2,1
DA:3,1
DA:6,4
DA:7,4
DA:9,4
DA:10,1
DA:16,3
DA:17,3
DA:18,1
DA:24,2
DA:25,2
DA:26,1
DA:31,1
DA:45,1
DA:51,0
DA:58,1
LF:17
LH:16
BRDA:9,0,0,1
BRDA:9,0,1,3
BRDA:9,1,0,4
BRDA:9,1,1,3
BRDA:12,2,0,1
BRDA:12,2,1,0
BRDA:17,3,0,1
BRDA:17,3,1,2
BRDA:25,4,0,1
BRDA:25,4,1,1
BRF:10
BRH:9
end_of_record
TN:
SF:controllers\user_controller\user_signup.js
FN:4,signup
FNF:1
FNH:1
FNDA:4,signup
DA:1,1
DA:2,1
DA:5,4
DA:6,4
DA:7,4
DA:9,4
DA:10,1
DA:11,1
DA:12,1
DA:13,1
DA:14,1
DA:15,1
DA:18,4
DA:19,4
DA:21,4
DA:22,0
DA:23,4
DA:24,0
DA:25,4
DA:26,1
DA:29,4
DA:30,2
DA:33,2
DA:34,2
DA:35,0
DA:42,0
DA:43,0
DA:49,2
DA:55,2
DA:56,1
DA:63,1
DA:67,1
LF:32
LH:27
BRDA:9,0,0,1
BRDA:9,0,1,3
BRDA:9,1,0,4
BRDA:9,1,1,3
BRDA:9,1,2,3
BRDA:9,1,3,3
BRDA:11,2,0,1
BRDA:11,2,1,0
BRDA:12,3,0,1
BRDA:12,3,1,0
BRDA:13,4,0,1
BRDA:13,4,1,0
BRDA:14,5,0,1
BRDA:14,5,1,0
BRDA:21,6,0,0
BRDA:21,6,1,4
BRDA:23,7,0,0
BRDA:23,7,1,4
BRDA:25,8,0,1
BRDA:25,8,1,3
BRDA:29,9,0,2
BRDA:29,9,1,2
BRDA:34,10,0,0
BRDA:34,10,1,2
BRF:24
BRH:17
end_of_record
TN:
SF:controllers\user_controller\user_token_login.js
FN:3,loginWithToken
FNF:1
FNH:0
FNDA:0,loginWithToken
DA:1,1
DA:4,0
DA:5,0
DA:6,0
DA:7,0
DA:12,0
DA:22,0
DA:29,1
LF:8
LH:2
BRDA:6,0,0,0
BRDA:6,0,1,0
BRF:2
BRH:0
end_of_record
TN:
SF:middlewares\verify_token.js
FN:4,verifyUser
FN:24,verifyAPIReq
FNF:2
FNH:1
FNDA:0,verifyUser
FNDA:8,verifyAPIReq
DA:1,1
DA:5,0
DA:7,0
DA:9,0
DA:11,0
DA:15,0
DA:16,0
DA:17,0
DA:18,0
DA:20,0
DA:25,8
DA:26,8
DA:27,8
DA:29,0
DA:33,8
DA:34,0
DA:35,0
DA:39,8
DA:41,0
DA:45,1
DA:46,1
LF:21
LH:8
BRDA:9,0,0,0
BRDA:9,0,1,0
BRDA:27,1,0,0
BRDA:27,1,1,8
BRDA:33,2,0,0
BRDA:33,2,1,8
BRF:6
BRH:2
end_of_record
TN:
SF:models\songModel.js
FNF:0
FNH:0
DA:1,1
DA:3,1
DA:35,1
DA:37,1
LF:4
LH:4
BRF:0
BRH:0
end_of_record
TN:
SF:models\userModel.js
FN:8,(anonymous_0)
FN:20,(anonymous_1)
FN:33,(anonymous_2)
FNF:3
FNH:3
FNDA:2,(anonymous_0)
FNDA:2,(anonymous_1)
FNDA:2,(anonymous_2)
DA:1,1
DA:3,1
DA:9,2
DA:10,2
DA:22,2
DA:23,2
DA:35,2
DA:36,2
DA:57,1
DA:59,1
LF:10
LH:10
BRF:0
BRH:0
end_of_record
TN:
SF:routes\musicRoutes.js
FNF:0
FNH:0
DA:1,1
DA:2,1
DA:3,1
DA:5,1
DA:7,1
DA:12,1
DA:14,1
DA:17,1
DA:21,1
DA:24,1
DA:27,1
DA:30,1
DA:35,1
DA:36,1
DA:39,1
DA:44,1
DA:47,1
DA:50,1
DA:54,1
LF:19
LH:19
BRF:0
BRH:0
end_of_record
TN:
SF:routes\userRoute.js
FNF:0
FNH:0
DA:1,1
DA:2,1
DA:3,1
DA:5,1
DA:7,1
DA:8,1
DA:9,1
DA:13,1
LF:8
LH:8
BRF:0
BRH:0
end_of_record
